Season,RoundNumber,RoundName,Date,HomeFlag,Score1,Team1,Score2,Team2
2024,0,weekb1,2024-09-05,team1Home,-1,Kansas City,-1,Baltimore
2024,0,weekb1,2024-09-06,team1Home,-1,Philadelphia,-1,Green Bay
2024,0,weekb1,2024-09-08,team1Home,-1,Atlanta,-1,Pittsburgh
2024,0,weekb1,2024-09-08,team1Home,-1,Chicago,-1,Tennessee
2024,0,weekb1,2024-09-08,team1Home,-1,New Orleans,-1,Carolina
2024,0,weekb1,2024-09-08,team1Home,-1,New York Giants,-1,Minnesota
2024,0,weekb1,2024-09-08,team1Home,-1,Buffalo,-1,Arizona
2024,0,weekb1,2024-09-08,team1Home,-1,Cincinnati,-1,New England
2024,0,weekb1,2024-09-08,team1Home,-1,Indianapolis,-1,Houston
2024,0,weekb1,2024-09-08,team1Home,-1,Miami,-1,Jacksonville
2024,0,weekb1,2024-09-08,team1Home,-1,Seattle,-1,Denver
2024,0,weekb1,2024-09-08,team1Home,-1,Los Angeles Chargers,-1,Las Vegas
2024,0,weekb1,2024-09-08,team1Home,-1,Cleveland,-1,Dallas
2024,0,weekb1,2024-09-08,team1Home,-1,Tampa Bay,-1,Washington
2024,0,weekb1,2024-09-08,team1Home,-1,Detroit,-1,Los Angeles Rams
2024,0,weekb1,2024-09-09,team1Home,-1,San Francisco,-1,New York Jets
2024,1,week02,2024-09-12,team1Home,-1,Miami,-1,Buffalo
2024,1,week02,2024-09-15,team1Home,-1,Detroit,-1,Tampa Bay
2024,1,week02,2024-09-15,team1Home,-1,Dallas,-1,New Orleans
2024,1,week02,2024-09-15,team1Home,-1,Green Bay,-1,Indianapolis
2024,1,week02,2024-09-15,team1Home,-1,Washington,-1,New York Giants
2024,1,week02,2024-09-15,team1Home,-1,New England,-1,Seattle
2024,1,week02,2024-09-15,team1Home,-1,Baltimore,-1,Las Vegas
2024,1,week02,2024-09-15,team1Home,-1,Minnesota,-1,San Francisco
2024,1,week02,2024-09-15,team1Home,-1,Jacksonville,-1,Cleveland
2024,1,week02,2024-09-15,team1Home,-1,Tennessee,-1,New York Jets
2024,1,week02,2024-09-15,team1Home,-1,Carolina,-1,Los Angeles Chargers
2024,1,week02,2024-09-15,team1Home,-1,Arizona,-1,Los Angeles Rams
2024,1,week02,2024-09-15,team1Home,-1,Kansas City,-1,Cincinnati
2024,1,week02,2024-09-15,team1Home,-1,Denver,-1,Pittsburgh
2024,1,week02,2024-09-15,team1Home,-1,Houston,-1,Chicago
2024,1,week02,2024-09-16,team1Home,-1,Philadelphia,-1,Atlanta
2024,2,week03,2024-09-19,team1Home,-1,New York Jets,-1,New England
2024,2,week03,2024-09-22,team1Home,-1,Cleveland,-1,New York Giants
2024,2,week03,2024-09-22,team1Home,-1,New Orleans,-1,Philadelphia
2024,2,week03,2024-09-22,team1Home,-1,Tampa Bay,-1,Denver
2024,2,week03,2024-09-22,team1Home,-1,Tennessee,-1,Green Bay
2024,2,week03,2024-09-22,team1Home,-1,Indianapolis,-1,Chicago
2024,2,week03,2024-09-22,team1Home,-1,Minnesota,-1,Houston
2024,2,week03,2024-09-22,team1Home,-1,Pittsburgh,-1,Los Angeles Chargers
2024,2,week03,2024-09-22,team1Home,-1,Las Vegas,-1,Carolina
2024,2,week03,2024-09-22,team1Home,-1,Seattle,-1,Miami
2024,2,week03,2024-09-22,team1Home,-1,Arizona,-1,Detroit
2024,2,week03,2024-09-22,team1Home,-1,Los Angeles Rams,-1,San Francisco
2024,2,week03,2024-09-22,team1Home,-1,Dallas,-1,Baltimore
2024,2,week03,2024-09-22,team1Home,-1,Atlanta,-1,Kansas City
2024,2,week03,2024-09-23,team1Home,-1,Buffalo,-1,Jacksonville
2024,2,week03,2024-09-23,team1Home,-1,Cincinnati,-1,Washington
2024,3,week04,2024-09-26,team1Home,-1,New York Giants,-1,Dallas
2024,3,week04,2024-09-29,team1Home,-1,Atlanta,-1,New Orleans
2024,3,week04,2024-09-29,team1Home,-1,Chicago,-1,Los Angeles Rams
2024,3,week04,2024-09-29,team1Home,-1,Carolina,-1,Cincinnati
2024,3,week04,2024-09-29,team1Home,-1,Tampa Bay,-1,Philadelphia
2024,3,week04,2024-09-29,team1Home,-1,Indianapolis,-1,Pittsburgh
2024,3,week04,2024-09-29,team1Home,-1,Green Bay,-1,Minnesota
2024,3,week04,2024-09-29,team1Home,-1,Houston,-1,Jacksonville
2024,3,week04,2024-09-29,team1Home,-1,New York Jets,-1,Denver
2024,3,week04,2024-09-29,team1Home,-1,Arizona,-1,Washington
2024,3,week04,2024-09-29,team1Home,-1,San Francisco,-1,New England
2024,3,week04,2024-09-29,team1Home,-1,Las Vegas,-1,Cleveland
2024,3,week04,2024-09-29,team1Home,-1,Los Angeles Chargers,-1,Kansas City
2024,3,week04,2024-09-29,team1Home,-1,Baltimore,-1,Buffalo
2024,3,week04,2024-09-30,team1Home,-1,Miami,-1,Tennessee
2024,3,week04,2024-09-30,team1Home,-1,Detroit,-1,Seattle
2024,4,week05,2024-10-03,team1Home,-1,Atlanta,-1,Tampa Bay
2024,4,week05,2024-10-06,team1Home,-1,Minnesota,-1,New York Jets
2024,4,week05,2024-10-06,team1Home,-1,Chicago,-1,Carolina
2024,4,week05,2024-10-06,team1Home,-1,Washington,-1,Cleveland
2024,4,week05,2024-10-06,team1Home,-1,New England,-1,Miami
2024,4,week05,2024-10-06,team1Home,-1,Cincinnati,-1,Baltimore
2024,4,week05,2024-10-06,team1Home,-1,Houston,-1,Buffalo
2024,4,week05,2024-10-06,team1Home,-1,Jacksonville,-1,Indianapolis
2024,4,week05,2024-10-06,team1Home,-1,Denver,-1,Las Vegas
2024,4,week05,2024-10-06,team1Home,-1,San Francisco,-1,Arizona
2024,4,week05,2024-10-06,team1Home,-1,Los Angeles Rams,-1,Green Bay
2024,4,week05,2024-10-06,team1Home,-1,Seattle,-1,New York Giants
2024,4,week05,2024-10-06,team1Home,-1,Pittsburgh,-1,Dallas
2024,4,week05,2024-10-07,team1Home,-1,Kansas City,-1,New Orleans
2024,5,week06,2024-10-10,team1Home,-1,Seattle,-1,San Francisco
2024,5,week06,2024-10-13,team1Home,-1,Chicago,-1,Jacksonville
2024,5,week06,2024-10-13,team1Home,-1,Green Bay,-1,Arizona
2024,5,week06,2024-10-13,team1Home,-1,New Orleans,-1,Tampa Bay
2024,5,week06,2024-10-13,team1Home,-1,Philadelphia,-1,Cleveland
2024,5,week06,2024-10-13,team1Home,-1,Baltimore,-1,Washington
2024,5,week06,2024-10-13,team1Home,-1,New England,-1,Houston
2024,5,week06,2024-10-13,team1Home,-1,Tennessee,-1,Indianapolis
2024,5,week06,2024-10-13,team1Home,-1,Denver,-1,Los Angeles Chargers
2024,5,week06,2024-10-13,team1Home,-1,Las Vegas,-1,Pittsburgh
2024,5,week06,2024-10-13,team1Home,-1,Carolina,-1,Atlanta
2024,5,week06,2024-10-13,team1Home,-1,Dallas,-1,Detroit
2024,5,week06,2024-10-13,team1Home,-1,New York Giants,-1,Cincinnati
2024,5,week06,2024-10-14,team1Home,-1,New York Jets,-1,Buffalo
2024,6,week07,2024-10-17,team1Home,-1,New Orleans,-1,Denver
2024,6,week07,2024-10-20,team1Home,-1,Jacksonville,-1,New England
2024,6,week07,2024-10-20,team1Home,-1,Atlanta,-1,Seattle
2024,6,week07,2024-10-20,team1Home,-1,Indianapolis,-1,Miami
2024,6,week07,2024-10-20,team1Home,-1,Minnesota,-1,Detroit
2024,6,week07,2024-10-20,team1Home,-1,New York Giants,-1,Philadelphia
2024,6,week07,2024-10-20,team1Home,-1,Buffalo,-1,Tennessee
2024,6,week07,2024-10-20,team1Home,-1,Cleveland,-1,Cincinnati
2024,6,week07,2024-10-20,team1Home,-1,Green Bay,-1,Houston
2024,6,week07,2024-10-20,team1Home,-1,Los Angeles Rams,-1,Las Vegas
2024,6,week07,2024-10-20,team1Home,-1,Washington,-1,Carolina
2024,6,week07,2024-10-20,team1Home,-1,San Francisco,-1,Kansas City
2024,6,week07,2024-10-20,team1Home,-1,Pittsburgh,-1,New York Jets
2024,6,week07,2024-10-21,team1Home,-1,Tampa Bay,-1,Baltimore
2024,6,week07,2024-10-21,team1Home,-1,Arizona,-1,Los Angeles Chargers
2024,7,week08,2024-10-24,team1Home,-1,Los Angeles Rams,-1,Minnesota
2024,7,week08,2024-10-27,team1Home,-1,Detroit,-1,Tennessee
2024,7,week08,2024-10-27,team1Home,-1,Jacksonville,-1,Green Bay
2024,7,week08,2024-10-27,team1Home,-1,Miami,-1,Arizona
2024,7,week08,2024-10-27,team1Home,-1,Tampa Bay,-1,Atlanta
2024,7,week08,2024-10-27,team1Home,-1,Cleveland,-1,Baltimore
2024,7,week08,2024-10-27,team1Home,-1,Houston,-1,Indianapolis
2024,7,week08,2024-10-27,team1Home,-1,New England,-1,New York Jets
2024,7,week08,2024-10-27,team1Home,-1,Washington,-1,Chicago
2024,7,week08,2024-10-27,team1Home,-1,Los Angeles Chargers,-1,New Orleans
2024,7,week08,2024-10-27,team1Home,-1,Seattle,-1,Buffalo
2024,7,week08,2024-10-27,team1Home,-1,Denver,-1,Carolina
2024,7,week08,2024-10-27,team1Home,-1,Cincinnati,-1,Philadelphia
2024,7,week08,2024-10-27,team1Home,-1,Las Vegas,-1,Kansas City
2024,7,week08,2024-10-27,team1Home,-1,San Francisco,-1,Dallas
2024,7,week08,2024-10-28,team1Home,-1,Pittsburgh,-1,New York Giants
2024,8,week09,2024-10-31,team1Home,-1,New York Jets,-1,Houston
2024,8,week09,2024-11-03,team1Home,-1,Atlanta,-1,Dallas
2024,8,week09,2024-11-03,team1Home,-1,Cincinnati,-1,Las Vegas
2024,8,week09,2024-11-03,team1Home,-1,New York Giants,-1,Washington
2024,8,week09,2024-11-03,team1Home,-1,Tennessee,-1,New England
2024,8,week09,2024-11-03,team1Home,-1,Baltimore,-1,Denver
2024,8,week09,2024-11-03,team1Home,-1,Buffalo,-1,Miami
2024,8,week09,2024-11-03,team1Home,-1,Carolina,-1,New Orleans
2024,8,week09,2024-11-03,team1Home,-1,Cleveland,-1,Los Angeles Chargers
2024,8,week09,2024-11-03,team1Home,-1,Minnesota,-1,Indianapolis
2024,8,week09,2024-11-03,team1Home,-1,Arizona,-1,Chicago
2024,8,week09,2024-11-03,team1Home,-1,Green Bay,-1,Detroit
2024,8,week09,2024-11-03,team1Home,-1,Seattle,-1,Los Angeles Rams
2024,8,week09,2024-11-03,team1Home,-1,Philadelphia,-1,Jacksonville
2024,8,week09,2024-11-04,team1Home,-1,Kansas City,-1,Tampa Bay
2024,9,week10,2024-11-07,team1Home,-1,Baltimore,-1,Cincinnati
2024,9,week10,2024-11-10,team1Home,-1,Carolina,-1,New York Giants
2024,9,week10,2024-11-10,team1Home,-1,Chicago,-1,New England
2024,9,week10,2024-11-10,team1Home,-1,Jacksonville,-1,Minnesota
2024,9,week10,2024-11-10,team1Home,-1,New Orleans,-1,Atlanta
2024,9,week10,2024-11-10,team1Home,-1,Tampa Bay,-1,San Francisco
2024,9,week10,2024-11-10,team1Home,-1,Indianapolis,-1,Buffalo
2024,9,week10,2024-11-10,team1Home,-1,Kansas City,-1,Denver
2024,9,week10,2024-11-10,team1Home,-1,Washington,-1,Pittsburgh
2024,9,week10,2024-11-10,team1Home,-1,Los Angeles Chargers,-1,Tennessee
2024,9,week10,2024-11-10,team1Home,-1,Dallas,-1,Philadelphia
2024,9,week10,2024-11-10,team1Home,-1,Arizona,-1,New York Jets
2024,9,week10,2024-11-10,team1Home,-1,Houston,-1,Detroit
2024,9,week10,2024-11-11,team1Home,-1,Los Angeles Rams,-1,Miami
2024,10,week11,2024-11-14,team1Home,-1,Philadelphia,-1,Washington
2024,10,week11,2024-11-17,team1Home,-1,Chicago,-1,Green Bay
2024,10,week11,2024-11-17,team1Home,-1,New England,-1,Los Angeles Rams
2024,10,week11,2024-11-17,team1Home,-1,New Orleans,-1,Cleveland
2024,10,week11,2024-11-17,team1Home,-1,Miami,-1,Las Vegas
2024,10,week11,2024-11-17,team1Home,-1,Detroit,-1,Jacksonville
2024,10,week11,2024-11-17,team1Home,-1,Tennessee,-1,Minnesota
2024,10,week11,2024-11-17,team1Home,-1,Pittsburgh,-1,Baltimore
2024,10,week11,2024-11-17,team1Home,-1,Denver,-1,Atlanta
2024,10,week11,2024-11-17,team1Home,-1,San Francisco,-1,Seattle
2024,10,week11,2024-11-17,team1Home,-1,Buffalo,-1,Kansas City
2024,10,week11,2024-11-17,team1Home,-1,Los Angeles Chargers,-1,Cincinnati
2024,10,week11,2024-11-17,team1Home,-1,New York Jets,-1,Indianapolis
2024,10,week11,2024-11-18,team1Home,-1,Dallas,-1,Houston
2024,11,week12,2024-11-21,team1Home,-1,Cleveland,-1,Pittsburgh
2024,11,week12,2024-11-24,team1Home,-1,Chicago,-1,Minnesota
2024,11,week12,2024-11-24,team1Home,-1,Indianapolis,-1,Detroit
2024,11,week12,2024-11-24,team1Home,-1,Washington,-1,Dallas
2024,11,week12,2024-11-24,team1Home,-1,Carolina,-1,Kansas City
2024,11,week12,2024-11-24,team1Home,-1,Houston,-1,Tennessee
2024,11,week12,2024-11-24,team1Home,-1,New York Giants,-1,Tampa Bay
2024,11,week12,2024-11-24,team1Home,-1,Miami,-1,New England
2024,11,week12,2024-11-24,team1Home,-1,Las Vegas,-1,Denver
2024,11,week12,2024-11-24,team1Home,-1,Green Bay,-1,San Francisco
2024,11,week12,2024-11-24,team1Home,-1,Seattle,-1,Arizona
2024,11,week12,2024-11-24,team1Home,-1,Los Angeles Rams,-1,Philadelphia
2024,11,week12,2024-11-25,team1Home,-1,Los Angeles Chargers,-1,Baltimore
2024,12,week13,2024-11-28,team1Home,-1,Detroit,-1,Chicago
2024,12,week13,2024-11-28,team1Home,-1,Dallas,-1,New York Giants
2024,12,week13,2024-11-28,team1Home,-1,Green Bay,-1,Miami
2024,12,week13,2024-11-29,team1Home,-1,Kansas City,-1,Las Vegas
2024,12,week13,2024-12-01,team1Home,-1,Minnesota,-1,Arizona
2024,12,week13,2024-12-01,team1Home,-1,New York Jets,-1,Seattle
2024,12,week13,2024-12-01,team1Home,-1,Atlanta,-1,Los Angeles Chargers
2024,12,week13,2024-12-01,team1Home,-1,Cincinnati,-1,Pittsburgh
2024,12,week13,2024-12-01,team1Home,-1,Jacksonville,-1,Houston
2024,12,week13,2024-12-01,team1Home,-1,New England,-1,Indianapolis
2024,12,week13,2024-12-01,team1Home,-1,Washington,-1,Tennessee
2024,12,week13,2024-12-01,team1Home,-1,Carolina,-1,Tampa Bay
2024,12,week13,2024-12-01,team1Home,-1,New Orleans,-1,Los Angeles Rams
2024,12,week13,2024-12-01,team1Home,-1,Baltimore,-1,Philadelphia
2024,12,week13,2024-12-01,team1Home,-1,Buffalo,-1,San Francisco
2024,12,week13,2024-12-02,team1Home,-1,Denver,-1,Cleveland
2024,13,week14,2024-12-05,team1Home,-1,Detroit,-1,Green Bay
2024,13,week14,2024-12-08,team1Home,-1,Minnesota,-1,Atlanta
2024,13,week14,2024-12-08,team1Home,-1,New York Giants,-1,New Orleans
2024,13,week14,2024-12-08,team1Home,-1,Philadelphia,-1,Carolina
2024,13,week14,2024-12-08,team1Home,-1,Miami,-1,New York Jets
2024,13,week14,2024-12-08,team1Home,-1,Pittsburgh,-1,Cleveland
2024,13,week14,2024-12-08,team1Home,-1,Tampa Bay,-1,Las Vegas
2024,13,week14,2024-12-08,team1Home,-1,Tennessee,-1,Jacksonville
2024,13,week14,2024-12-08,team1Home,-1,Arizona,-1,Seattle
2024,13,week14,2024-12-08,team1Home,-1,Los Angeles Rams,-1,Buffalo
2024,13,week14,2024-12-08,team1Home,-1,San Francisco,-1,Chicago
2024,13,week14,2024-12-08,team1Home,-1,Kansas City,-1,Los Angeles Chargers
2024,13,week14,2024-12-09,team1Home,-1,Dallas,-1,Cincinnati
2024,14,week15,2024-12-12,team1Home,-1,San Francisco,-1,Los Angeles Rams
2024,14,week15,2024-12-15,team1Home,-1,Carolina,-1,Dallas
2024,14,week15,2024-12-15,team1Home,-1,Jacksonville,-1,New York Jets
2024,14,week15,2024-12-15,team1Home,-1,New Orleans,-1,Washington
2024,14,week15,2024-12-15,team1Home,-1,Tennessee,-1,Cincinnati
2024,14,week15,2024-12-15,team1Home,-1,Cleveland,-1,Kansas City
2024,14,week15,2024-12-15,team1Home,-1,Houston,-1,Miami
2024,14,week15,2024-12-15,team1Home,-1,New York Giants,-1,Baltimore
2024,14,week15,2024-12-15,team1Home,-1,Los Angeles Chargers,-1,Tampa Bay
2024,14,week15,2024-12-15,team1Home,-1,Philadelphia,-1,Pittsburgh
2024,14,week15,2024-12-15,team1Home,-1,Arizona,-1,New England
2024,14,week15,2024-12-15,team1Home,-1,Denver,-1,Indianapolis
2024,14,week15,2024-12-15,team1Home,-1,Detroit,-1,Buffalo
2024,14,week15,2024-12-15,team1Home,-1,Seattle,-1,Green Bay
2024,14,week15,2024-12-16,team1Home,-1,Minnesota,-1,Chicago
2024,14,week15,2024-12-16,team1Home,-1,Las Vegas,-1,Atlanta
2024,15,week16,2024-12-19,team1Home,-1,Cincinnati,-1,Cleveland
2024,15,week16,2024-12-21,team1Home,-1,Kansas City,-1,Houston
2024,15,week16,2024-12-21,team1Home,-1,Baltimore,-1,Pittsburgh
2024,15,week16,2024-12-22,team1Home,-1,Atlanta,-1,New York Giants
2024,15,week16,2024-12-22,team1Home,-1,Carolina,-1,Arizona
2024,15,week16,2024-12-22,team1Home,-1,Chicago,-1,Detroit
2024,15,week16,2024-12-22,team1Home,-1,Washington,-1,Philadelphia
2024,15,week16,2024-12-22,team1Home,-1,Buffalo,-1,New England
2024,15,week16,2024-12-22,team1Home,-1,Indianapolis,-1,Tennessee
2024,15,week16,2024-12-22,team1Home,-1,New York Jets,-1,Los Angeles Rams
2024,15,week16,2024-12-22,team1Home,-1,Los Angeles Chargers,-1,Denver
2024,15,week16,2024-12-22,team1Home,-1,Seattle,-1,Minnesota
2024,15,week16,2024-12-22,team1Home,-1,Las Vegas,-1,Jacksonville
2024,15,week16,2024-12-22,team1Home,-1,Miami,-1,San Francisco
2024,15,week16,2024-12-22,team1Home,-1,Dallas,-1,Tampa Bay
2024,15,week16,2024-12-23,team1Home,-1,Green Bay,-1,New Orleans
2024,16,week17,2024-12-25,team1Home,-1,Pittsburgh,-1,Kansas City
2024,16,week17,2024-12-25,team1Home,-1,Houston,-1,Baltimore
2024,16,week17,2024-12-26,team1Home,-1,Chicago,-1,Seattle
2024,16,week17,2024-12-29,team1Home,-1,Minnesota,-1,Green Bay
2024,16,week17,2024-12-29,team1Home,-1,New Orleans,-1,Las Vegas
2024,16,week17,2024-12-29,team1Home,-1,Buffalo,-1,New York Jets
2024,16,week17,2024-12-29,team1Home,-1,Jacksonville,-1,Tennessee
2024,16,week17,2024-12-29,team1Home,-1,Tampa Bay,-1,Carolina
2024,16,week17,2024-12-29,team1Home,-1,Cincinnati,-1,Denver
2024,16,week17,2024-12-29,team1Home,-1,Los Angeles Rams,-1,Arizona
2024,16,week17,2024-12-29,team1Home,-1,New England,-1,Los Angeles Chargers
2024,16,week17,2024-12-29,team1Home,-1,New York Giants,-1,Indianapolis
2024,16,week17,2024-12-29,team1Home,-1,Washington,-1,Atlanta
2024,16,week17,2024-12-29,team1Home,-1,Philadelphia,-1,Dallas
2024,16,week17,2024-12-29,team1Home,-1,Cleveland,-1,Miami
2024,16,week17,2024-12-30,team1Home,-1,San Francisco,-1,Detroit
2024,17,week18,2024-01-05,team1Home,-1,Arizona,-1,San Francisco
2024,17,week18,2024-01-05,team1Home,-1,Atlanta,-1,Carolina
2024,17,week18,2024-01-05,team1Home,-1,Baltimore,-1,Cleveland
2024,17,week18,2024-01-05,team1Home,-1,Dallas,-1,Washington
2024,17,week18,2024-01-05,team1Home,-1,Denver,-1,Kansas City
2024,17,week18,2024-01-05,team1Home,-1,Detroit,-1,Minnesota
2024,17,week18,2024-01-05,team1Home,-1,Green Bay,-1,Chicago
2024,17,week18,2024-01-05,team1Home,-1,Indianapolis,-1,Jacksonville
2024,17,week18,2024-01-05,team1Home,-1,Los Angeles Rams,-1,Seattle
2024,17,week18,2024-01-05,team1Home,-1,Las Vegas,-1,Los Angeles Chargers
2024,17,week18,2024-01-05,team1Home,-1,New York Jets,-1,Miami
2024,17,week18,2024-01-05,team1Home,-1,New England,-1,Buffalo
2024,17,week18,2024-01-05,team1Home,-1,Philadelphia,-1,New York Giants
2024,17,week18,2024-01-05,team1Home,-1,Pittsburgh,-1,Cincinnati
2024,17,week18,2024-01-05,team1Home,-1,Tampa Bay,-1,New Orleans
2024,17,week18,2024-01-05,team1Home,-1,Tennessee,-1,Houston
2024,18,weeke1,2024-01-11,team1Home,-1,Houston,-1,Los Angeles Chargers
2024,18,weeke1,2024-01-11,team1Home,-1,Baltimore,-1,Pittsburgh
2024,18,weeke1,2024-01-12,team1Home,-1,Buffalo,-1,Denver
2024,18,weeke1,2024-01-12,team1Home,-1,Philadelphia,-1,Green Bay
2024,18,weeke1,2024-01-12,team1Home,-1,Tampa Bay,-1,Washington
2024,18,weeke1,2024-01-13,team1Home,-1,Los Angeles Rams,-1,Minnesota
