2025,0,weekb1,2025-09-04,team1Home,-1,Philadelphia,-1,Dallas
2025,0,weekb1,2025-09-05,team1Home,-1,Los Angeles Chargers,-1,Kansas City
2025,0,weekb1,2025-09-07,team1Home,-1,Atlanta,-1,Tampa Bay
2025,0,weekb1,2025-09-07,team1Home,-1,Cleveland,-1,Cincinnati
2025,0,weekb1,2025-09-07,team1Home,-1,Jacksonville,-1,Carolina
2025,0,weekb1,2025-09-07,team1Home,-1,Washington,-1,New York Giants
2025,0,weekb1,2025-09-07,team1Home,-1,New England,-1,Las Vegas
2025,0,weekb1,2025-09-07,team1Home,-1,New Orleans,-1,Arizona
2025,0,weekb1,2025-09-07,team1Home,-1,New York Jets,-1,Pittsburgh
2025,0,weekb1,2025-09-07,team1Home,-1,Indianapolis,-1,Miami
2025,0,weekb1,2025-09-07,team1Home,-1,Seattle,-1,San Francisco
2025,0,weekb1,2025-09-07,team1Home,-1,Denver,-1,Tennessee
2025,0,weekb1,2025-09-07,team1Home,-1,Green Bay,-1,Detroit
2025,0,weekb1,2025-09-07,team1Home,-1,Los Angeles Rams,-1,Houston
2025,0,weekb1,2025-09-07,team1Home,-1,Buffalo,-1,Baltimore
2025,0,weekb1,2025-09-08,team1Home,-1,Chicago,-1,Minnesota
2025,1,week02,2025-09-11,team1Home,-1,Green Bay,-1,Washington
2025,1,week02,2025-09-14,team1Home,-1,Detroit,-1,Chicago
2025,1,week02,2025-09-14,team1Home,-1,Dallas,-1,New York Giants
2025,1,week02,2025-09-14,team1Home,-1,New Orleans,-1,San Francisco
2025,1,week02,2025-09-14,team1Home,-1,Pittsburgh,-1,Seattle
2025,1,week02,2025-09-14,team1Home,-1,Baltimore,-1,Cleveland
2025,1,week02,2025-09-14,team1Home,-1,Miami,-1,New England
2025,1,week02,2025-09-14,team1Home,-1,Cincinnati,-1,Jacksonville
2025,1,week02,2025-09-14,team1Home,-1,Tennessee,-1,Los Angeles Rams
2025,1,week02,2025-09-14,team1Home,-1,New York Jets,-1,Buffalo
2025,1,week02,2025-09-14,team1Home,-1,Arizona,-1,Carolina
2025,1,week02,2025-09-14,team1Home,-1,Indianapolis,-1,Denver
2025,1,week02,2025-09-14,team1Home,-1,Kansas City,-1,Philadelphia
2025,1,week02,2025-09-14,team1Home,-1,Minnesota,-1,Atlanta
2025,1,week02,2025-09-15,team1Home,-1,Houston,-1,Tampa Bay
2025,1,week02,2025-09-15,team1Home,-1,Las Vegas,-1,Los Angeles Chargers
2025,2,week03,2025-09-18,team1Home,-1,Buffalo,-1,Miami
2025,2,week03,2025-09-21,team1Home,-1,Carolina,-1,Atlanta
2025,2,week03,2025-09-21,team1Home,-1,Tampa Bay,-1,New York Jets
2025,2,week03,2025-09-21,team1Home,-1,Philadelphia,-1,Los Angeles Rams
2025,2,week03,2025-09-21,team1Home,-1,Cleveland,-1,Green Bay
2025,2,week03,2025-09-21,team1Home,-1,Washington,-1,Las Vegas
2025,2,week03,2025-09-21,team1Home,-1,Tennessee,-1,Indianapolis
2025,2,week03,2025-09-21,team1Home,-1,New England,-1,Pittsburgh
2025,2,week03,2025-09-21,team1Home,-1,Minnesota,-1,Cincinnati
2025,2,week03,2025-09-21,team1Home,-1,Jacksonville,-1,Houston
2025,2,week03,2025-09-21,team1Home,-1,Los Angeles Chargers,-1,Denver
2025,2,week03,2025-09-21,team1Home,-1,Seattle,-1,New Orleans
2025,2,week03,2025-09-21,team1Home,-1,San Francisco,-1,Arizona
2025,2,week03,2025-09-21,team1Home,-1,Chicago,-1,Dallas
2025,2,week03,2025-09-21,team1Home,-1,New York Giants,-1,Kansas City
2025,2,week03,2025-09-22,team1Home,-1,Baltimore,-1,Detroit
2025,3,week04,2025-09-25,team1Home,-1,Arizona,-1,Seattle
2025,3,week04,2025-09-28,team1Home,-1,Pittsburgh,-1,Minnesota
2025,3,week04,2025-09-28,team1Home,-1,Tampa Bay,-1,Philadelphia
2025,3,week04,2025-09-28,team1Home,-1,New England,-1,Carolina
2025,3,week04,2025-09-28,team1Home,-1,Detroit,-1,Cleveland
2025,3,week04,2025-09-28,team1Home,-1,Atlanta,-1,Washington
2025,3,week04,2025-09-28,team1Home,-1,Houston,-1,Tennessee
2025,3,week04,2025-09-28,team1Home,-1,Buffalo,-1,New Orleans
2025,3,week04,2025-09-28,team1Home,-1,New York Giants,-1,Los Angeles Chargers
2025,3,week04,2025-09-28,team1Home,-1,San Francisco,-1,Jacksonville
2025,3,week04,2025-09-28,team1Home,-1,Los Angeles Rams,-1,Indianapolis
2025,3,week04,2025-09-28,team1Home,-1,Kansas City,-1,Baltimore
2025,3,week04,2025-09-28,team1Home,-1,Las Vegas,-1,Chicago
2025,3,week04,2025-09-28,team1Home,-1,Dallas,-1,Green Bay
2025,3,week04,2025-09-29,team1Home,-1,Miami,-1,New York Jets
2025,3,week04,2025-09-29,team1Home,-1,Denver,-1,Cincinnati
2025,4,week05,2025-10-02,team1Home,-1,Los Angeles Rams,-1,San Francisco
2025,4,week05,2025-10-05,team1Home,-1,Cleveland,-1,Minnesota
2025,4,week05,2025-10-05,team1Home,-1,Carolina,-1,Miami
2025,4,week05,2025-10-05,team1Home,-1,New York Jets,-1,Dallas
2025,4,week05,2025-10-05,team1Home,-1,Indianapolis,-1,Las Vegas
2025,4,week05,2025-10-05,team1Home,-1,Baltimore,-1,Houston
2025,4,week05,2025-10-05,team1Home,-1,Philadelphia,-1,Denver
2025,4,week05,2025-10-05,team1Home,-1,New Orleans,-1,New York Giants
2025,4,week05,2025-10-05,team1Home,-1,Arizona,-1,Tennessee
2025,4,week05,2025-10-05,team1Home,-1,Seattle,-1,Tampa Bay
2025,4,week05,2025-10-05,team1Home,-1,Los Angeles Chargers,-1,Washington
2025,4,week05,2025-10-05,team1Home,-1,Cincinnati,-1,Detroit
2025,4,week05,2025-10-05,team1Home,-1,Buffalo,-1,New England
2025,4,week05,2025-10-06,team1Home,-1,Jacksonville,-1,Kansas City
2025,5,week06,2025-10-09,team1Home,-1,New York Giants,-1,Philadelphia
2025,5,week06,2025-10-12,team1Home,-1,New York Jets,-1,Denver
2025,5,week06,2025-10-12,team1Home,-1,Indianapolis,-1,Arizona
2025,5,week06,2025-10-12,team1Home,-1,Baltimore,-1,Los Angeles Rams
2025,5,week06,2025-10-12,team1Home,-1,Carolina,-1,Dallas
2025,5,week06,2025-10-12,team1Home,-1,Jacksonville,-1,Seattle
2025,5,week06,2025-10-12,team1Home,-1,Pittsburgh,-1,Cleveland
2025,5,week06,2025-10-12,team1Home,-1,Tampa Bay,-1,San Francisco
2025,5,week06,2025-10-12,team1Home,-1,Miami,-1,Los Angeles Chargers
2025,5,week06,2025-10-12,team1Home,-1,Las Vegas,-1,Tennessee
2025,5,week06,2025-10-12,team1Home,-1,New Orleans,-1,New England
2025,5,week06,2025-10-12,team1Home,-1,Green Bay,-1,Cincinnati
2025,5,week06,2025-10-12,team1Home,-1,Kansas City,-1,Detroit
2025,5,week06,2025-10-13,team1Home,-1,Atlanta,-1,Buffalo
2025,5,week06,2025-10-13,team1Home,-1,Washington,-1,Chicago
2025,6,week07,2025-10-16,team1Home,-1,Cincinnati,-1,Pittsburgh
2025,6,week07,2025-10-19,team1Home,-1,Jacksonville,-1,Los Angeles Rams
2025,6,week07,2025-10-19,team1Home,-1,Chicago,-1,New Orleans
2025,6,week07,2025-10-19,team1Home,-1,New York Jets,-1,Carolina
2025,6,week07,2025-10-19,team1Home,-1,Minnesota,-1,Philadelphia
2025,6,week07,2025-10-19,team1Home,-1,Tennessee,-1,New England
2025,6,week07,2025-10-19,team1Home,-1,Cleveland,-1,Miami
2025,6,week07,2025-10-19,team1Home,-1,Kansas City,-1,Las Vegas
2025,6,week07,2025-10-19,team1Home,-1,Los Angeles Chargers,-1,Indianapolis
2025,6,week07,2025-10-19,team1Home,-1,Denver,-1,New York Giants
2025,6,week07,2025-10-19,team1Home,-1,Arizona,-1,Green Bay
2025,6,week07,2025-10-19,team1Home,-1,Dallas,-1,Washington
2025,6,week07,2025-10-19,team1Home,-1,San Francisco,-1,Atlanta
2025,6,week07,2025-10-20,team1Home,-1,Detroit,-1,Tampa Bay
2025,6,week07,2025-10-20,team1Home,-1,Seattle,-1,Houston
2025,7,week08,2025-10-23,team1Home,-1,Los Angeles Chargers,-1,Minnesota
2025,7,week08,2025-10-26,team1Home,-1,Carolina,-1,Buffalo
2025,7,week08,2025-10-26,team1Home,-1,Philadelphia,-1,New York Giants
2025,7,week08,2025-10-26,team1Home,-1,New England,-1,Cleveland
2025,7,week08,2025-10-26,team1Home,-1,Houston,-1,San Francisco
2025,7,week08,2025-10-26,team1Home,-1,Atlanta,-1,Miami
2025,7,week08,2025-10-26,team1Home,-1,Cincinnati,-1,New York Jets
2025,7,week08,2025-10-26,team1Home,-1,Baltimore,-1,Chicago
2025,7,week08,2025-10-26,team1Home,-1,New Orleans,-1,Tampa Bay
2025,7,week08,2025-10-26,team1Home,-1,Indianapolis,-1,Tennessee
2025,7,week08,2025-10-26,team1Home,-1,Denver,-1,Dallas
2025,7,week08,2025-10-26,team1Home,-1,Pittsburgh,-1,Green Bay
2025,7,week08,2025-10-27,team1Home,-1,Kansas City,-1,Washington
2025,8,week09,2025-10-30,team1Home,-1,Miami,-1,Baltimore
2025,8,week09,2025-11-02,team1Home,-1,Houston,-1,Denver
2025,8,week09,2025-11-02,team1Home,-1,Green Bay,-1,Carolina
2025,8,week09,2025-11-02,team1Home,-1,Detroit,-1,Minnesota
2025,8,week09,2025-11-02,team1Home,-1,New York Giants,-1,San Francisco
2025,8,week09,2025-11-02,team1Home,-1,Pittsburgh,-1,Indianapolis
2025,8,week09,2025-11-02,team1Home,-1,Tennessee,-1,Los Angeles Chargers
2025,8,week09,2025-11-02,team1Home,-1,Cincinnati,-1,Chicago
2025,8,week09,2025-11-02,team1Home,-1,New England,-1,Atlanta
2025,8,week09,2025-11-02,team1Home,-1,Las Vegas,-1,Jacksonville
2025,8,week09,2025-11-02,team1Home,-1,Los Angeles Rams,-1,New Orleans
2025,8,week09,2025-11-02,team1Home,-1,Buffalo,-1,Kansas City
2025,8,week09,2025-11-02,team1Home,-1,Washington,-1,Seattle
2025,8,week09,2025-11-03,team1Home,-1,Dallas,-1,Arizona
2025,9,week10,2025-11-06,team1Home,-1,Denver,-1,Las Vegas
2025,9,week10,2025-11-09,team1Home,-1,Indianapolis,-1,Atlanta
2025,9,week10,2025-11-09,team1Home,-1,Chicago,-1,New York Giants
2025,9,week10,2025-11-09,team1Home,-1,Carolina,-1,New Orleans
2025,9,week10,2025-11-09,team1Home,-1,Minnesota,-1,Baltimore
2025,9,week10,2025-11-09,team1Home,-1,Miami,-1,Buffalo
2025,9,week10,2025-11-09,team1Home,-1,Houston,-1,Jacksonville
2025,9,week10,2025-11-09,team1Home,-1,New York Jets,-1,Cleveland
2025,9,week10,2025-11-09,team1Home,-1,Tampa Bay,-1,New England
2025,9,week10,2025-11-09,team1Home,-1,Seattle,-1,Arizona
2025,9,week10,2025-11-09,team1Home,-1,San Francisco,-1,Los Angeles Rams
2025,9,week10,2025-11-09,team1Home,-1,Washington,-1,Detroit
2025,9,week10,2025-11-09,team1Home,-1,Los Angeles Chargers,-1,Pittsburgh
2025,9,week10,2025-11-10,team1Home,-1,Green Bay,-1,Philadelphia
2025,10,week11,2025-11-13,team1Home,-1,New England,-1,New York Jets
2025,10,week11,2025-11-16,team1Home,-1,Miami,-1,Washington
2025,10,week11,2025-11-16,team1Home,-1,New York Giants,-1,Green Bay
2025,10,week11,2025-11-16,team1Home,-1,Tennessee,-1,Houston
2025,10,week11,2025-11-16,team1Home,-1,Minnesota,-1,Chicago
2025,10,week11,2025-11-16,team1Home,-1,Atlanta,-1,Carolina
2025,10,week11,2025-11-16,team1Home,-1,Jacksonville,-1,Los Angeles Chargers
2025,10,week11,2025-11-16,team1Home,-1,Pittsburgh,-1,Cincinnati
2025,10,week11,2025-11-16,team1Home,-1,Buffalo,-1,Tampa Bay
2025,10,week11,2025-11-16,team1Home,-1,Arizona,-1,San Francisco
2025,10,week11,2025-11-16,team1Home,-1,Los Angeles Rams,-1,Seattle
2025,10,week11,2025-11-16,team1Home,-1,Denver,-1,Kansas City
2025,10,week11,2025-11-16,team1Home,-1,Cleveland,-1,Baltimore
2025,10,week11,2025-11-16,team1Home,-1,Philadelphia,-1,Detroit
2025,10,week11,2025-11-17,team1Home,-1,Las Vegas,-1,Dallas
2025,11,week12,2025-11-20,team1Home,-1,Houston,-1,Buffalo
2025,11,week12,2025-11-23,team1Home,-1,Green Bay,-1,Minnesota
2025,11,week12,2025-11-23,team1Home,-1,Detroit,-1,New York Giants
2025,11,week12,2025-11-23,team1Home,-1,Tennessee,-1,Seattle
2025,11,week12,2025-11-23,team1Home,-1,Kansas City,-1,Indianapolis
2025,11,week12,2025-11-23,team1Home,-1,Cincinnati,-1,New England
2025,11,week12,2025-11-23,team1Home,-1,Baltimore,-1,New York Jets
2025,11,week12,2025-11-23,team1Home,-1,Chicago,-1,Pittsburgh
2025,11,week12,2025-11-23,team1Home,-1,Las Vegas,-1,Cleveland
2025,11,week12,2025-11-23,team1Home,-1,Arizona,-1,Jacksonville
2025,11,week12,2025-11-23,team1Home,-1,Dallas,-1,Philadelphia
2025,11,week12,2025-11-23,team1Home,-1,New Orleans,-1,Atlanta
2025,11,week12,2025-11-23,team1Home,-1,Los Angeles Rams,-1,Tampa Bay
2025,11,week12,2025-11-24,team1Home,-1,San Francisco,-1,Carolina
2025,12,week13,2025-11-27,team1Home,-1,Detroit,-1,Green Bay
2025,12,week13,2025-11-27,team1Home,-1,Dallas,-1,Kansas City
2025,12,week13,2025-11-27,team1Home,-1,Baltimore,-1,Cincinnati
2025,12,week13,2025-11-28,team1Home,-1,Philadelphia,-1,Chicago
2025,12,week13,2025-11-30,team1Home,-1,New York Jets,-1,Atlanta
2025,12,week13,2025-11-30,team1Home,-1,Carolina,-1,Los Angeles Rams
2025,12,week13,2025-11-30,team1Home,-1,Miami,-1,New Orleans
2025,12,week13,2025-11-30,team1Home,-1,Tampa Bay,-1,Arizona
2025,12,week13,2025-11-30,team1Home,-1,Tennessee,-1,Jacksonville
2025,12,week13,2025-11-30,team1Home,-1,Cleveland,-1,San Francisco
2025,12,week13,2025-11-30,team1Home,-1,Indianapolis,-1,Houston
2025,12,week13,2025-11-30,team1Home,-1,Seattle,-1,Minnesota
2025,12,week13,2025-11-30,team1Home,-1,Los Angeles Chargers,-1,Las Vegas
2025,12,week13,2025-11-30,team1Home,-1,Pittsburgh,-1,Buffalo
2025,12,week13,2025-11-30,team1Home,-1,Washington,-1,Denver
2025,12,week13,2025-12-01,team1Home,-1,New England,-1,New York Giants
2025,13,week14,2025-12-04,team1Home,-1,Detroit,-1,Dallas
2025,13,week14,2025-12-07,team1Home,-1,Atlanta,-1,Seattle
2025,13,week14,2025-12-07,team1Home,-1,Cleveland,-1,Tennessee
2025,13,week14,2025-12-07,team1Home,-1,Green Bay,-1,Chicago
2025,13,week14,2025-12-07,team1Home,-1,Minnesota,-1,Washington
2025,13,week14,2025-12-07,team1Home,-1,Baltimore,-1,Pittsburgh
2025,13,week14,2025-12-07,team1Home,-1,New York Jets,-1,Miami
2025,13,week14,2025-12-07,team1Home,-1,Tampa Bay,-1,New Orleans
2025,13,week14,2025-12-07,team1Home,-1,Jacksonville,-1,Indianapolis
2025,13,week14,2025-12-07,team1Home,-1,Las Vegas,-1,Denver
2025,13,week14,2025-12-07,team1Home,-1,Buffalo,-1,Cincinnati
2025,13,week14,2025-12-07,team1Home,-1,Arizona,-1,Los Angeles Rams
2025,13,week14,2025-12-07,team1Home,-1,Kansas City,-1,Houston
2025,13,week14,2025-12-08,team1Home,-1,Los Angeles Chargers,-1,Philadelphia
2025,14,week15,2025-12-11,team1Home,-1,Tampa Bay,-1,Atlanta
2025,14,week15,2025-12-14,team1Home,-1,Chicago,-1,Cleveland
2025,14,week15,2025-12-14,team1Home,-1,Houston,-1,Arizona
2025,14,week15,2025-12-14,team1Home,-1,New York Giants,-1,Washington
2025,14,week15,2025-12-14,team1Home,-1,Philadelphia,-1,Las Vegas
2025,14,week15,2025-12-14,team1Home,-1,Jacksonville,-1,New York Jets
2025,14,week15,2025-12-14,team1Home,-1,Cincinnati,-1,Baltimore
2025,14,week15,2025-12-14,team1Home,-1,Kansas City,-1,Los Angeles Chargers
2025,14,week15,2025-12-14,team1Home,-1,New England,-1,Buffalo
2025,14,week15,2025-12-14,team1Home,-1,Los Angeles Rams,-1,Detroit
2025,14,week15,2025-12-14,team1Home,-1,New Orleans,-1,Carolina
2025,14,week15,2025-12-14,team1Home,-1,San Francisco,-1,Tennessee
2025,14,week15,2025-12-14,team1Home,-1,Seattle,-1,Indianapolis
2025,14,week15,2025-12-14,team1Home,-1,Denver,-1,Green Bay
2025,14,week15,2025-12-14,team1Home,-1,Dallas,-1,Minnesota
2025,14,week15,2025-12-15,team1Home,-1,Pittsburgh,-1,Miami
2025,15,week16,2025-12-18,team1Home,-1,Seattle,-1,Los Angeles Rams
2025,15,week16,2025-12-20,team1Home,-1,Chicago,-1,Green Bay
2025,15,week16,2025-12-20,team1Home,-1,Washington,-1,Philadelphia
2025,15,week16,2025-12-21,team1Home,-1,Dallas,-1,Los Angeles Chargers
2025,15,week16,2025-12-21,team1Home,-1,Carolina,-1,Tampa Bay
2025,15,week16,2025-12-21,team1Home,-1,New York Giants,-1,Minnesota
2025,15,week16,2025-12-21,team1Home,-1,Baltimore,-1,New England
2025,15,week16,2025-12-21,team1Home,-1,Cleveland,-1,Buffalo
2025,15,week16,2025-12-21,team1Home,-1,New Orleans,-1,New York Jets
2025,15,week16,2025-12-21,team1Home,-1,Tennessee,-1,Kansas City
2025,15,week16,2025-12-21,team1Home,-1,Denver,-1,Jacksonville
2025,15,week16,2025-12-21,team1Home,-1,Arizona,-1,Atlanta
2025,15,week16,2025-12-21,team1Home,-1,Houston,-1,Las Vegas
2025,15,week16,2025-12-21,team1Home,-1,Detroit,-1,Pittsburgh
2025,15,week16,2025-12-21,team1Home,-1,Miami,-1,Cincinnati
2025,15,week16,2025-12-22,team1Home,-1,Indianapolis,-1,San Francisco
2025,16,week17,2025-12-25,team1Home,-1,Washington,-1,Dallas
2025,16,week17,2025-12-25,team1Home,-1,Minnesota,-1,Detroit
2025,16,week17,2025-12-25,team1Home,-1,Kansas City,-1,Denver
2025,16,week17,2025-12-28,team1Home,-1,Miami,-1,Tampa Bay
2025,16,week17,2025-12-28,team1Home,-1,Indianapolis,-1,Jacksonville
2025,16,week17,2025-12-28,team1Home,-1,Cleveland,-1,Pittsburgh
2025,16,week17,2025-12-28,team1Home,-1,New York Jets,-1,New England
2025,16,week17,2025-12-28,team1Home,-1,Tennessee,-1,New Orleans
2025,16,week17,2025-12-28,team1Home,-1,Cincinnati,-1,Arizona
2025,16,week17,2025-12-28,team1Home,-1,Green Bay,-1,Baltimore
2025,16,week17,2025-12-28,team1Home,-1,Carolina,-1,Seattle
2025,16,week17,2025-12-28,team1Home,-1,Los Angeles Chargers,-1,Houston
2025,16,week17,2025-12-28,team1Home,-1,Las Vegas,-1,New York Giants
2025,16,week17,2025-12-28,team1Home,-1,Buffalo,-1,Philadelphia
2025,16,week17,2025-12-28,team1Home,-1,San Francisco,-1,Chicago
2025,16,week17,2025-12-29,team1Home,-1,Atlanta,-1,Los Angeles Rams
2025,17,week18,2025-01-04,team1Home,-1,Atlanta,-1,New Orleans
2025,17,week18,2025-01-04,team1Home,-1,Buffalo,-1,New York Jets
2025,17,week18,2025-01-04,team1Home,-1,Jacksonville,-1,Tennessee
2025,17,week18,2025-01-04,team1Home,-1,Los Angeles Rams,-1,Arizona
2025,17,week18,2025-01-04,team1Home,-1,Chicago,-1,Detroit
2025,17,week18,2025-01-04,team1Home,-1,Houston,-1,Indianapolis
2025,17,week18,2025-01-04,team1Home,-1,Cincinnati,-1,Cleveland
2025,17,week18,2025-01-04,team1Home,-1,Las Vegas,-1,Kansas City
2025,17,week18,2025-01-04,team1Home,-1,Denver,-1,Los Angeles Chargers
2025,17,week18,2025-01-04,team1Home,-1,Minnesota,-1,Green Bay
2025,17,week18,2025-01-04,team1Home,-1,New England,-1,Miami
2025,17,week18,2025-01-04,team1Home,-1,Tampa Bay,-1,Carolina
2025,17,week18,2025-01-04,team1Home,-1,Philadelphia,-1,Washington
2025,17,week18,2025-01-04,team1Home,-1,New York Giants,-1,Dallas
2025,17,week18,2025-01-04,team1Home,-1,Pittsburgh,-1,Baltimore
2025,17,week18,2025-01-04,team1Home,-1,San Francisco,-1,Seattle
