::: cfpool 1999 entry 01
::: year 1999 entry 01 team_str Georgia Tech/Navy prob_sort_str 67332 Georgia Tech/Navy winner 1
::: year 1999 entry 01 team_str Boston College/Baylor prob_sort_str 54616 Boston College/Baylor winner 1
::: year 1999 entry 01 team_str Alabama/Vanderbilt prob_sort_str 66260 Alabama/Vanderbilt winner 1
::: year 1999 entry 01 team_str Pittsburgh/Bowling Green prob_sort_str 58109 Pittsburgh/Bowling Green winner 1
::: year 1999 entry 01 team_str Michigan/Notre Dame prob_sort_str 61705 Michigan/Notre Dame winner 1
::: year 1999 entry 01 team_str Oregon State/Nevada - Reno prob_sort_str 58627 Oregon State/Nevada - Reno winner 1
::: year 1999 entry 01 team_str Nebraska/Iowa prob_sort_str 67543 Nebraska/Iowa winner 1
::: year 1999 entry 01 team_str Tulane/Southern Mississippi prob_sort_str 52414 Tulane/Southern Mississippi winner 0
::: year 1999 entry 01 team_str Clemson/Marshall prob_sort_str 52854 Clemson/Marshall winner 0
::: year 1999 entry 01 team_str Texas Christian/Arizona prob_sort_str 64671 Texas Christian/Arizona winner 0
::: year 1999 entry 01 team_str Rice/Houston prob_sort_str 52267 Rice/Houston winner 0
::: year 1999 entry 01 team_str Colorado/Colorado State prob_sort_str 61950 Colorado/Colorado State winner 0
::: year 1999 entry 01 team_str Virginia/North Carolina prob_sort_str 60563 Virginia/North Carolina winner 1
::: year 1999 entry 01 team_str West Virginia/East Carolina prob_sort_str 67487 West Virginia/East Carolina winner 0
::: year 1999 entry 01 team_str Kentucky/Louisville prob_sort_str 63604 Kentucky/Louisville winner 0
::: year 1999 entry 01 team_str Utah/Washington State prob_sort_str 58477 Utah/Washington State winner 1
::: year 1999 entry 01 team_str Purdue/Central Florida prob_sort_str 64775 Purdue/Central Florida winner 1
::: year 1999 entry 01 team_str North Carolina State/South Carolina prob_sort_str 64427 North Carolina State/South Carolina winner 1
::: year 1999 entry 01 team_str Texas - El Paso/New Mexico prob_sort_str 63413 Texas - El Paso/New Mexico winner 1
::: year 1999 entry 01 team_str Texas Tech/Arizona State prob_sort_str 53536 Texas Tech/Arizona State winner 0
::: year 1999 entry 01 team_str Arkansas/Southern Methodist prob_sort_str 65950 Arkansas/Southern Methodist winner 1
::: year 1999 entry 01 team_str Texas/Stanford prob_sort_str 58026 Texas/Stanford winner 1
::: score_val 14.0050629504794 tot_raw 71.4027493868399
:::   str 52267 Rice/Houston correct 0 val 14.0050629504794
:::   str 52414 Tulane/Southern Mississippi correct 0 val 15.4055692455274
:::   str 52854 Clemson/Marshall correct 0 val 16.9461261700801
:::   str 53536 Texas Tech/Arizona State correct 0 val 18.6407387870882
:::   str 54616 Boston College/Baylor correct 1 val 20.504812665797
:::   str 58026 Texas/Stanford correct 1 val 22.5552939323767
:::   str 58109 Pittsburgh/Bowling Green correct 1 val 24.8108233256143
:::   str 58477 Utah/Washington State correct 1 val 27.2919056581758
:::   str 58627 Oregon State/Nevada - Reno correct 1 val 30.0210962239934
:::   str 60563 Virginia/North Carolina correct 1 val 33.0232058463927
:::   str 61705 Michigan/Notre Dame correct 1 val 36.325526431032
:::   str 61950 Colorado/Colorado State correct 0 val 39.9580790741351
:::   str 63413 Texas - El Paso/New Mexico correct 1 val 43.9538869815487
:::   str 63604 Kentucky/Louisville correct 0 val 48.3492756797035
:::   str 64427 North Carolina State/South Carolina correct 1 val 53.1842032476739
:::   str 64671 Texas Christian/Arizona correct 0 val 58.5026235724413
:::   str 64775 Purdue/Central Florida correct 1 val 64.3528859296854
:::   str 65950 Arkansas/Southern Methodist correct 1 val 70.788174522654
:::   str 66260 Alabama/Vanderbilt correct 1 val 77.8669919749194
:::   str 67332 Georgia Tech/Navy correct 1 val 85.6536911724113
:::   str 67487 West Virginia/East Carolina correct 0 val 94.2190602896524
:::   str 67543 Nebraska/Iowa correct 1 val 103.640966318618
cfpool year 1999 entry 01 score 693.973464230892
::: cfpool 1999 entry 02
::: year 1999 entry 02 team_str Baylor/Nevada - Las Vegas prob_sort_str 52759 Baylor/Nevada - Las Vegas winner 0
::: year 1999 entry 02 team_str Oregon/Texas - El Paso prob_sort_str 64566 Oregon/Texas - El Paso winner 1
::: year 1999 entry 02 team_str Nebraska/California prob_sort_str 67215 Nebraska/California winner 1
::: year 1999 entry 02 team_str Navy/Kent State prob_sort_str 57497 Navy/Kent State winner 1
::: year 1999 entry 02 team_str Purdue/Notre Dame prob_sort_str 63244 Purdue/Notre Dame winner 1
::: year 1999 entry 02 team_str Indiana/North Carolina prob_sort_str 63633 Indiana/North Carolina winner 0
::: year 1999 entry 02 team_str East Carolina/Duke prob_sort_str 62458 East Carolina/Duke winner 1
::: year 1999 entry 02 team_str Virginia/Clemson prob_sort_str 62012 Virginia/Clemson winner 0
::: year 1999 entry 02 team_str New Mexico/New Mexico State prob_sort_str 61780 New Mexico/New Mexico State winner 0
::: year 1999 entry 02 team_str Illinois/San Diego State prob_sort_str 64035 Illinois/San Diego State winner 1
::: year 1999 entry 02 team_str California - Los Angeles/Ohio State prob_sort_str 59931 California - Los Angeles/Ohio State winner 0
::: year 1999 entry 02 team_str Texas/Rutgers prob_sort_str 68400 Texas/Rutgers winner 1
::: year 1999 entry 02 team_str Tulane/Southern Methodist prob_sort_str 59942 Tulane/Southern Methodist winner 1
::: year 1999 entry 02 team_str Alabama/Houston prob_sort_str 57093 Alabama/Houston winner 1
::: year 1999 entry 02 team_str Colorado/San Jose State prob_sort_str 53960 Colorado/San Jose State winner 1
::: year 1999 entry 02 team_str Iowa State/Iowa prob_sort_str 66113 Iowa State/Iowa winner 1
::: year 1999 entry 02 team_str Louisiana State/North Texas prob_sort_str 67625 Louisiana State/North Texas winner 1
::: year 1999 entry 02 team_str Miami - Ohio/West Virginia prob_sort_str 58747 Miami - Ohio/West Virginia winner 0
::: year 1999 entry 02 team_str Arizona/Middle Tennessee State prob_sort_str 67691 Arizona/Middle Tennessee State winner 1
::: year 1999 entry 02 team_str Army/Wake Forest prob_sort_str 57535 Army/Wake Forest winner 0
::: year 1999 entry 02 team_str Florida State/Georgia Tech prob_sort_str 59832 Florida State/Georgia Tech winner 1
::: year 1999 entry 02 team_str Northwestern/Texas Christian prob_sort_str 50934 Northwestern/Texas Christian winner 1
::: year 1999 entry 02 team_str Penn State/Pittsburgh prob_sort_str 68178 Penn State/Pittsburgh winner 1
::: year 1999 entry 02 team_str Stanford/Washington State prob_sort_str 52256 Stanford/Washington State winner 1
::: year 1999 entry 02 team_str Vanderbilt/Northern Illinois prob_sort_str 64882 Vanderbilt/Northern Illinois winner 1
::: score_val 10.1680721900208 tot_raw 98.3470594338839
:::   str 50934 Northwestern/Texas Christian correct 1 val 10.1680721900208
:::   str 52256 Stanford/Washington State correct 1 val 11.1848794090229
:::   str 52759 Baylor/Nevada - Las Vegas correct 0 val 12.3033673499252
:::   str 53960 Colorado/San Jose State correct 1 val 13.5337040849177
:::   str 57093 Alabama/Houston correct 1 val 14.8870744934095
:::   str 57497 Navy/Kent State correct 1 val 16.3757819427504
:::   str 57535 Army/Wake Forest correct 0 val 18.0133601370255
:::   str 58747 Miami - Ohio/West Virginia correct 0 val 19.814696150728
:::   str 59832 Florida State/Georgia Tech correct 1 val 21.7961657658009
:::   str 59931 California - Los Angeles/Ohio State correct 0 val 23.9757823423809
:::   str 59942 Tulane/Southern Methodist correct 1 val 26.373360576619
:::   str 61780 New Mexico/New Mexico State correct 0 val 29.0106966342809
:::   str 62012 Virginia/Clemson correct 0 val 31.911766297709
:::   str 62458 East Carolina/Duke correct 1 val 35.1029429274799
:::   str 63244 Purdue/Notre Dame correct 1 val 38.6132372202279
:::   str 63633 Indiana/North Carolina correct 0 val 42.4745609422507
:::   str 64035 Illinois/San Diego State correct 1 val 46.7220170364758
:::   str 64566 Oregon/Texas - El Paso correct 1 val 51.3942187401234
:::   str 64882 Vanderbilt/Northern Illinois correct 1 val 56.5336406141357
:::   str 66113 Iowa State/Iowa correct 1 val 62.1870046755493
:::   str 67215 Nebraska/California correct 1 val 68.4057051431043
:::   str 67625 Louisiana State/North Texas correct 1 val 75.2462756574147
:::   str 67691 Arizona/Middle Tennessee State correct 1 val 82.7709032231562
:::   str 68178 Penn State/Pittsburgh correct 1 val 91.0479935454718
:::   str 68400 Texas/Rutgers correct 1 val 100.152792900019
cfpool year 1999 entry 02 score 822.4957701457
::: cfpool 1999 entry 03
::: year 1999 entry 03 team_str Michigan State/Notre Dame prob_sort_str 50710 Michigan State/Notre Dame winner 1
::: year 1999 entry 03 team_str Syracuse/Michigan prob_sort_str 62116 Syracuse/Michigan winner 0
::: year 1999 entry 03 team_str Toledo/Ball State prob_sort_str 64132 Toledo/Ball State winner 1
::: year 1999 entry 03 team_str West Virginia/Maryland prob_sort_str 68169 West Virginia/Maryland winner 0
::: year 1999 entry 03 team_str Tulane/Army prob_sort_str 65880 Tulane/Army winner 1
::: year 1999 entry 03 team_str Oklahoma/Baylor prob_sort_str 62718 Oklahoma/Baylor winner 1
::: year 1999 entry 03 team_str Nevada - Las Vegas/Iowa State prob_sort_str 67205 Nevada - Las Vegas/Iowa State winner 0
::: year 1999 entry 03 team_str Oregon/Nevada - Reno prob_sort_str 67774 Oregon/Nevada - Reno winner 1
::: year 1999 entry 03 team_str Louisiana State/Auburn prob_sort_str 68210 Louisiana State/Auburn winner 0
::: year 1999 entry 03 team_str Penn State/Miami - Florida prob_sort_str 63940 Penn State/Miami - Florida winner 1
::: year 1999 entry 03 team_str Boise State/Hawaii prob_sort_str 57520 Boise State/Hawaii winner 0
::: year 1999 entry 03 team_str Akron/Temple prob_sort_str 64754 Akron/Temple winner 1
::: year 1999 entry 03 team_str Florida/Tennessee prob_sort_str 54616 Florida/Tennessee winner 1
::: year 1999 entry 03 team_str Indiana/Kentucky prob_sort_str 59810 Indiana/Kentucky winner 0
::: year 1999 entry 03 team_str Idaho/Washington State prob_sort_str 66105 Idaho/Washington State winner 1
::: year 1999 entry 03 team_str Washington/Air Force prob_sort_str 54201 Washington/Air Force winner 0
::: year 1999 entry 03 team_str Colorado/Kansas prob_sort_str 62166 Colorado/Kansas winner 1
::: year 1999 entry 03 team_str East Carolina/South Carolina prob_sort_str 62883 East Carolina/South Carolina winner 1
::: year 1999 entry 03 team_str Arizona/Stanford prob_sort_str 66045 Arizona/Stanford winner 0
::: year 1999 entry 03 team_str Duke/Northwestern prob_sort_str 67166 Duke/Northwestern winner 0
::: year 1999 entry 03 team_str Boston College/Navy prob_sort_str 65662 Boston College/Navy winner 1
::: score_val 15.6243898083563 tot_raw 64.0024994425817
:::   str 50710 Michigan State/Notre Dame correct 1 val 15.6243898083563
:::   str 54201 Washington/Air Force correct 0 val 17.1868287891919
:::   str 54616 Florida/Tennessee correct 1 val 18.9055116681111
:::   str 57520 Boise State/Hawaii correct 0 val 20.7960628349222
:::   str 59810 Indiana/Kentucky correct 0 val 22.8756691184144
:::   str 62116 Syracuse/Michigan correct 0 val 25.1632360302558
:::   str 62166 Colorado/Kansas correct 1 val 27.6795596332814
:::   str 62718 Oklahoma/Baylor correct 1 val 30.4475155966096
:::   str 62883 East Carolina/South Carolina correct 1 val 33.4922671562705
:::   str 63940 Penn State/Miami - Florida correct 1 val 36.8414938718976
:::   str 64132 Toledo/Ball State correct 1 val 40.5256432590873
:::   str 64754 Akron/Temple correct 1 val 44.5782075849961
:::   str 65662 Boston College/Navy correct 1 val 49.0360283434957
:::   str 65880 Tulane/Army correct 1 val 53.9396311778453
:::   str 66045 Arizona/Stanford correct 0 val 59.3335942956298
:::   str 66105 Idaho/Washington State correct 1 val 65.2669537251928
:::   str 67166 Duke/Northwestern correct 0 val 71.7936490977121
:::   str 67205 Nevada - Las Vegas/Iowa State correct 0 val 78.9730140074833
:::   str 67774 Oregon/Nevada - Reno correct 1 val 86.8703154082316
:::   str 68169 West Virginia/Maryland correct 0 val 95.5573469490548
:::   str 68210 Louisiana State/Auburn correct 0 val 105.11308164396
cfpool year 1999 entry 03 score 503.207517233375
::: cfpool 1999 entry 04
::: year 1999 entry 04 team_str Auburn/Mississippi prob_sort_str 65489 Auburn/Mississippi winner 0
::: year 1999 entry 04 team_str Washington/Colorado prob_sort_str 64385 Washington/Colorado winner 1
::: year 1999 entry 04 team_str Army/Ball State prob_sort_str 67398 Army/Ball State winner 1
::: year 1999 entry 04 team_str Air Force/Wyoming prob_sort_str 68618 Air Force/Wyoming winner 0
::: year 1999 entry 04 team_str Alabama/Arkansas prob_sort_str 50973 Alabama/Arkansas winner 1
::: year 1999 entry 04 team_str Southern Methodist/Hawaii prob_sort_str 65215 Southern Methodist/Hawaii winner 0
::: year 1999 entry 04 team_str Nebraska/Missouri prob_sort_str 67959 Nebraska/Missouri winner 1
::: year 1999 entry 04 team_str Brigham Young/Virginia prob_sort_str 62836 Brigham Young/Virginia winner 0
::: year 1999 entry 04 team_str Arizona/Washington State prob_sort_str 66346 Arizona/Washington State winner 1
::: year 1999 entry 04 team_str Syracuse/West Virginia prob_sort_str 67571 Syracuse/West Virginia winner 1
::: year 1999 entry 04 team_str Kansas State/Iowa State prob_sort_str 68124 Kansas State/Iowa State winner 1
::: year 1999 entry 04 team_str Ohio State/Cincinnati prob_sort_str 68494 Ohio State/Cincinnati winner 1
::: year 1999 entry 04 team_str Oregon/Southern California prob_sort_str 65737 Oregon/Southern California winner 1
::: year 1999 entry 04 team_str Michigan/Wisconsin prob_sort_str 66279 Michigan/Wisconsin winner 1
::: year 1999 entry 04 team_str Texas/Baylor prob_sort_str 67677 Texas/Baylor winner 1
::: year 1999 entry 04 team_str San Diego State/Kansas prob_sort_str 67568 San Diego State/Kansas winner 1
::: year 1999 entry 04 team_str Arizona State/California prob_sort_str 55991 Arizona State/California winner 0
::: year 1999 entry 04 team_str Boston College/Rutgers prob_sort_str 52306 Boston College/Rutgers winner 1
::: year 1999 entry 04 team_str Duke/Vanderbilt prob_sort_str 54241 Duke/Vanderbilt winner 0
::: year 1999 entry 04 team_str California - Los Angeles/Stanford prob_sort_str 64035 California - Los Angeles/Stanford winner 0
::: year 1999 entry 04 team_str Texas A&M/Southern Mississippi prob_sort_str 65678 Texas A&M/Southern Mississippi winner 1
::: year 1999 entry 04 team_str Rice/Navy prob_sort_str 66383 Rice/Navy winner 1
::: score_val 14.0050629504794 tot_raw 71.4027493868399
:::   str 50973 Alabama/Arkansas correct 1 val 14.0050629504794
:::   str 52306 Boston College/Rutgers correct 1 val 15.4055692455274
:::   str 54241 Duke/Vanderbilt correct 0 val 16.9461261700801
:::   str 55991 Arizona State/California correct 0 val 18.6407387870882
:::   str 62836 Brigham Young/Virginia correct 0 val 20.504812665797
:::   str 64035 California - Los Angeles/Stanford correct 0 val 22.5552939323767
:::   str 64385 Washington/Colorado correct 1 val 24.8108233256143
:::   str 65215 Southern Methodist/Hawaii correct 0 val 27.2919056581758
:::   str 65489 Auburn/Mississippi correct 0 val 30.0210962239934
:::   str 65678 Texas A&M/Southern Mississippi correct 1 val 33.0232058463927
:::   str 65737 Oregon/Southern California correct 1 val 36.325526431032
:::   str 66279 Michigan/Wisconsin correct 1 val 39.9580790741351
:::   str 66346 Arizona/Washington State correct 1 val 43.9538869815487
:::   str 66383 Rice/Navy correct 1 val 48.3492756797035
:::   str 67398 Army/Ball State correct 1 val 53.1842032476739
:::   str 67568 San Diego State/Kansas correct 1 val 58.5026235724413
:::   str 67571 Syracuse/West Virginia correct 1 val 64.3528859296854
:::   str 67677 Texas/Baylor correct 1 val 70.788174522654
:::   str 67959 Nebraska/Missouri correct 1 val 77.8669919749194
:::   str 68124 Kansas State/Iowa State correct 1 val 85.6536911724113
:::   str 68494 Ohio State/Cincinnati correct 1 val 94.2190602896524
:::   str 68618 Air Force/Wyoming correct 0 val 103.640966318618
cfpool year 1999 entry 04 score 760.399060243871
::: cfpool 1999 entry 05
::: year 1999 entry 05 team_str Kansas/Southern Methodist prob_sort_str 67497 Kansas/Southern Methodist winner 1
::: year 1999 entry 05 team_str Oregon/Washington prob_sort_str 68458 Oregon/Washington winner 0
::: year 1999 entry 05 team_str San Diego State/Air Force prob_sort_str 61886 San Diego State/Air Force winner 0
::: year 1999 entry 05 team_str Syracuse/Tulane prob_sort_str 68198 Syracuse/Tulane winner 1
::: year 1999 entry 05 team_str Minnesota/Northwestern prob_sort_str 68035 Minnesota/Northwestern winner 1
::: year 1999 entry 05 team_str California - Los Angeles/Arizona State prob_sort_str 64510 California - Los Angeles/Arizona State winner 0
::: year 1999 entry 05 team_str Michigan/Purdue prob_sort_str 62742 Michigan/Purdue winner 1
::: year 1999 entry 05 team_str Clemson/North Carolina prob_sort_str 66815 Clemson/North Carolina winner 1
::: year 1999 entry 05 team_str Illinois/Indiana prob_sort_str 68473 Illinois/Indiana winner 0
::: year 1999 entry 05 team_str Notre Dame/Oklahoma prob_sort_str 53004 Notre Dame/Oklahoma winner 1
::: year 1999 entry 05 team_str Wake Forest/Rutgers prob_sort_str 68263 Wake Forest/Rutgers winner 1
::: year 1999 entry 05 team_str Florida/Alabama prob_sort_str 64693 Florida/Alabama winner 0
::: year 1999 entry 05 team_str Nebraska/Oklahoma State prob_sort_str 68669 Nebraska/Oklahoma State winner 1
::: year 1999 entry 05 team_str Tennessee/Auburn prob_sort_str 67166 Tennessee/Auburn winner 1
::: year 1999 entry 05 team_str Ohio State/Wisconsin prob_sort_str 64545 Ohio State/Wisconsin winner 0
::: year 1999 entry 05 team_str Virginia Tech/Virginia prob_sort_str 64730 Virginia Tech/Virginia winner 1
::: year 1999 entry 05 team_str Georgia/Louisiana State prob_sort_str 66625 Georgia/Louisiana State winner 1
::: year 1999 entry 05 team_str Kansas State/Texas prob_sort_str 66418 Kansas State/Texas winner 1
::: year 1999 entry 05 team_str Rice/Tulsa prob_sort_str 67029 Rice/Tulsa winner 1
::: year 1999 entry 05 team_str Akron/Ball State prob_sort_str 58860 Akron/Ball State winner 1
::: year 1999 entry 05 team_str Baylor/North Texas prob_sort_str 66290 Baylor/North Texas winner 1
::: score_val 15.6243898083563 tot_raw 64.0024994425817
:::   str 53004 Notre Dame/Oklahoma correct 1 val 15.6243898083563
:::   str 58860 Akron/Ball State correct 1 val 17.1868287891919
:::   str 61886 San Diego State/Air Force correct 0 val 18.9055116681111
:::   str 62742 Michigan/Purdue correct 1 val 20.7960628349222
:::   str 64510 California - Los Angeles/Arizona State correct 0 val 22.8756691184144
:::   str 64545 Ohio State/Wisconsin correct 0 val 25.1632360302558
:::   str 64693 Florida/Alabama correct 0 val 27.6795596332814
:::   str 64730 Virginia Tech/Virginia correct 1 val 30.4475155966096
:::   str 66290 Baylor/North Texas correct 1 val 33.4922671562705
:::   str 66418 Kansas State/Texas correct 1 val 36.8414938718976
:::   str 66625 Georgia/Louisiana State correct 1 val 40.5256432590873
:::   str 66815 Clemson/North Carolina correct 1 val 44.5782075849961
:::   str 67029 Rice/Tulsa correct 1 val 49.0360283434957
:::   str 67166 Tennessee/Auburn correct 1 val 53.9396311778453
:::   str 67497 Kansas/Southern Methodist correct 1 val 59.3335942956298
:::   str 68035 Minnesota/Northwestern correct 1 val 65.2669537251928
:::   str 68198 Syracuse/Tulane correct 1 val 71.7936490977121
:::   str 68263 Wake Forest/Rutgers correct 1 val 78.9730140074833
:::   str 68458 Oregon/Washington correct 0 val 86.8703154082316
:::   str 68473 Illinois/Indiana correct 0 val 95.5573469490548
:::   str 68669 Nebraska/Oklahoma State correct 1 val 105.11308164396
cfpool year 1999 entry 05 score 722.948361192651
::: cfpool 1999 entry 06
::: year 1999 entry 06 team_str Michigan State/Michigan prob_sort_str 64740 Michigan State/Michigan winner 1
::: year 1999 entry 06 team_str Mississippi/Tulane prob_sort_str 66621 Mississippi/Tulane winner 1
::: year 1999 entry 06 team_str Nebraska/Iowa State prob_sort_str 68375 Nebraska/Iowa State winner 1
::: year 1999 entry 06 team_str Oregon/California - Los Angeles prob_sort_str 67840 Oregon/California - Los Angeles winner 0
::: year 1999 entry 06 team_str Maryland/Wake Forest prob_sort_str 62972 Maryland/Wake Forest winner 1
::: year 1999 entry 06 team_str Florida/Louisiana State prob_sort_str 68008 Florida/Louisiana State winner 1
::: year 1999 entry 06 team_str Mississippi State/Auburn prob_sort_str 58903 Mississippi State/Auburn winner 1
::: year 1999 entry 06 team_str Air Force/Navy prob_sort_str 67351 Air Force/Navy winner 1
::: year 1999 entry 06 team_str Southern Mississippi/East Carolina prob_sort_str 64494 Southern Mississippi/East Carolina winner 1
::: year 1999 entry 06 team_str Kentucky/South Carolina prob_sort_str 63786 Kentucky/South Carolina winner 1
::: year 1999 entry 06 team_str Clemson/North Carolina State prob_sort_str 65292 Clemson/North Carolina State winner 0
::: year 1999 entry 06 team_str Purdue/Ohio State prob_sort_str 55334 Purdue/Ohio State winner 0
::: year 1999 entry 06 team_str Oklahoma/Texas prob_sort_str 59003 Oklahoma/Texas winner 0
::: year 1999 entry 06 team_str Florida State/Miami - Florida prob_sort_str 66486 Florida State/Miami - Florida winner 1
::: year 1999 entry 06 team_str Oklahoma State/Texas Tech prob_sort_str 67795 Oklahoma State/Texas Tech winner 1
::: year 1999 entry 06 team_str Missouri/Colorado prob_sort_str 60038 Missouri/Colorado winner 0
::: year 1999 entry 06 team_str Tennessee/Georgia prob_sort_str 68483 Tennessee/Georgia winner 1
::: year 1999 entry 06 team_str Southern California/Arizona prob_sort_str 68756 Southern California/Arizona winner 0
::: year 1999 entry 06 team_str Notre Dame/Arizona State prob_sort_str 68758 Notre Dame/Arizona State winner 1
::: score_val 19.5468682346558 tot_raw 51.1590904484146
:::   str 55334 Purdue/Ohio State correct 0 val 19.5468682346558
:::   str 58903 Mississippi State/Auburn correct 1 val 21.5015550581214
:::   str 59003 Oklahoma/Texas correct 0 val 23.6517105639336
:::   str 60038 Missouri/Colorado correct 0 val 26.0168816203269
:::   str 62972 Maryland/Wake Forest correct 1 val 28.6185697823596
:::   str 63786 Kentucky/South Carolina correct 1 val 31.4804267605956
:::   str 64494 Southern Mississippi/East Carolina correct 1 val 34.6284694366551
:::   str 64740 Michigan State/Michigan correct 1 val 38.0913163803207
:::   str 65292 Clemson/North Carolina State correct 0 val 41.9004480183527
:::   str 66486 Florida State/Miami - Florida correct 1 val 46.090492820188
:::   str 66621 Mississippi/Tulane correct 1 val 50.6995421022068
:::   str 67351 Air Force/Navy correct 1 val 55.7694963124275
:::   str 67795 Oklahoma State/Texas Tech correct 1 val 61.3464459436702
:::   str 67840 Oregon/California - Los Angeles correct 0 val 67.4810905380373
:::   str 68008 Florida/Louisiana State correct 1 val 74.229199591841
:::   str 68375 Nebraska/Iowa State correct 1 val 81.6521195510251
:::   str 68483 Tennessee/Georgia correct 1 val 89.8173315061276
:::   str 68756 Southern California/Arizona correct 0 val 98.7990646567404
:::   str 68758 Notre Dame/Arizona State correct 1 val 108.678971122414
cfpool year 1999 entry 06 score 722.603936367953
::: cfpool 1999 entry 07
::: year 1999 entry 07 team_str Washington/Arizona State prob_sort_str 68518 Washington/Arizona State winner 0
::: year 1999 entry 07 team_str Clemson/Maryland prob_sort_str 52861 Clemson/Maryland winner 1
::: year 1999 entry 07 team_str Alabama - Birmingham/Cincinnati prob_sort_str 65139 Alabama - Birmingham/Cincinnati winner 1
::: year 1999 entry 07 team_str Marshall/Toledo prob_sort_str 68239 Marshall/Toledo winner 1
::: year 1999 entry 07 team_str Penn State/Ohio State prob_sort_str 66628 Penn State/Ohio State winner 1
::: year 1999 entry 07 team_str Virginia/North Carolina State prob_sort_str 53620 Virginia/North Carolina State winner 1
::: year 1999 entry 07 team_str Virginia Tech/Syracuse prob_sort_str 66597 Virginia Tech/Syracuse winner 1
::: year 1999 entry 07 team_str Texas Christian/Tulsa prob_sort_str 68161 Texas Christian/Tulsa winner 1
::: year 1999 entry 07 team_str Northwestern/Iowa prob_sort_str 51732 Northwestern/Iowa winner 1
::: year 1999 entry 07 team_str Alabama/Mississippi prob_sort_str 59329 Alabama/Mississippi winner 1
::: year 1999 entry 07 team_str Michigan State/Purdue prob_sort_str 66291 Michigan State/Purdue winner 0
::: year 1999 entry 07 team_str Arkansas/South Carolina prob_sort_str 68461 Arkansas/South Carolina winner 1
::: year 1999 entry 07 team_str Notre Dame/Southern California prob_sort_str 60835 Notre Dame/Southern California winner 1
::: year 1999 entry 07 team_str Missouri/Iowa State prob_sort_str 63488 Missouri/Iowa State winner 0
::: year 1999 entry 07 team_str Colorado/Texas Tech prob_sort_str 67259 Colorado/Texas Tech winner 0
::: year 1999 entry 07 team_str Air Force/Utah prob_sort_str 53467 Air Force/Utah winner 0
::: year 1999 entry 07 team_str Florida/Auburn prob_sort_str 66881 Florida/Auburn winner 1
::: year 1999 entry 07 team_str Pittsburgh/Boston College prob_sort_str 67174 Pittsburgh/Boston College winner 0
::: score_val 21.9302222222566 tot_raw 45.5991731349224
:::   str 51732 Northwestern/Iowa correct 1 val 21.9302222222566
:::   str 52861 Clemson/Maryland correct 1 val 24.1232444444822
:::   str 53467 Air Force/Utah correct 0 val 26.5355688889305
:::   str 53620 Virginia/North Carolina State correct 1 val 29.1891257778235
:::   str 59329 Alabama/Mississippi correct 1 val 32.1080383556059
:::   str 60835 Notre Dame/Southern California correct 1 val 35.3188421911665
:::   str 63488 Missouri/Iowa State correct 0 val 38.8507264102831
:::   str 65139 Alabama - Birmingham/Cincinnati correct 1 val 42.7357990513114
:::   str 66291 Michigan State/Purdue correct 0 val 47.0093789564426
:::   str 66597 Virginia Tech/Syracuse correct 1 val 51.7103168520869
:::   str 66628 Penn State/Ohio State correct 1 val 56.8813485372955
:::   str 66881 Florida/Auburn correct 1 val 62.5694833910251
:::   str 67174 Pittsburgh/Boston College correct 0 val 68.8264317301276
:::   str 67259 Colorado/Texas Tech correct 0 val 75.7090749031404
:::   str 68161 Texas Christian/Tulsa correct 1 val 83.2799823934544
:::   str 68239 Marshall/Toledo correct 1 val 91.6079806327999
:::   str 68461 Arkansas/South Carolina correct 1 val 100.76877869608
:::   str 68518 Washington/Arizona State correct 0 val 110.845656565688
cfpool year 1999 entry 07 score 632.223162545388
::: cfpool 1999 entry 08
::: year 1999 entry 08 team_str Purdue/Penn State prob_sort_str 52276 Purdue/Penn State winner 0
::: year 1999 entry 08 team_str Iowa/Indiana prob_sort_str 61190 Iowa/Indiana winner 0
::: year 1999 entry 08 team_str Washington/California prob_sort_str 60987 Washington/California winner 1
::: year 1999 entry 08 team_str Maryland/North Carolina prob_sort_str 58710 Maryland/North Carolina winner 1
::: year 1999 entry 08 team_str Rice/Texas Christian prob_sort_str 61573 Rice/Texas Christian winner 1
::: year 1999 entry 08 team_str Mississippi State/Louisiana State prob_sort_str 68168 Mississippi State/Louisiana State winner 1
::: year 1999 entry 08 team_str Southern California/Stanford prob_sort_str 67772 Southern California/Stanford winner 0
::: year 1999 entry 08 team_str Vanderbilt/South Carolina prob_sort_str 65002 Vanderbilt/South Carolina winner 1
::: year 1999 entry 08 team_str Tennessee/Alabama prob_sort_str 56097 Tennessee/Alabama winner 1
::: year 1999 entry 08 team_str Pittsburgh/Rutgers prob_sort_str 67357 Pittsburgh/Rutgers winner 1
::: year 1999 entry 08 team_str East Carolina/Tulane prob_sort_str 66440 East Carolina/Tulane winner 1
::: year 1999 entry 08 team_str Wisconsin/Michigan State prob_sort_str 60702 Wisconsin/Michigan State winner 1
::: year 1999 entry 08 team_str Kansas State/Oklahoma State prob_sort_str 68294 Kansas State/Oklahoma State winner 1
::: year 1999 entry 08 team_str Oklahoma/Texas A&M prob_sort_str 61715 Oklahoma/Texas A&M winner 1
::: year 1999 entry 08 team_str Louisville/Houston prob_sort_str 56100 Louisville/Houston winner 1
::: year 1999 entry 08 team_str Iowa State/Colorado prob_sort_str 66568 Iowa State/Colorado winner 0
::: year 1999 entry 08 team_str Nebraska/Texas prob_sort_str 65553 Nebraska/Texas winner 0
::: year 1999 entry 08 team_str Texas Tech/Baylor prob_sort_str 65860 Texas Tech/Baylor winner 1
::: year 1999 entry 08 team_str Southern Mississippi/Cincinnati prob_sort_str 67756 Southern Mississippi/Cincinnati winner 1
::: year 1999 entry 08 team_str Colorado State/Wyoming prob_sort_str 50860 Colorado State/Wyoming winner 1
::: year 1999 entry 08 team_str Miami - Florida/Boston College prob_sort_str 68564 Miami - Florida/Boston College winner 1
::: year 1999 entry 08 team_str Louisiana Tech/Central Florida prob_sort_str 61693 Louisiana Tech/Central Florida winner 1
::: score_val 14.0050629504794 tot_raw 71.4027493868399
:::   str 50860 Colorado State/Wyoming correct 1 val 14.0050629504794
:::   str 52276 Purdue/Penn State correct 0 val 15.4055692455274
:::   str 56097 Tennessee/Alabama correct 1 val 16.9461261700801
:::   str 56100 Louisville/Houston correct 1 val 18.6407387870882
:::   str 58710 Maryland/North Carolina correct 1 val 20.504812665797
:::   str 60702 Wisconsin/Michigan State correct 1 val 22.5552939323767
:::   str 60987 Washington/California correct 1 val 24.8108233256143
:::   str 61190 Iowa/Indiana correct 0 val 27.2919056581758
:::   str 61573 Rice/Texas Christian correct 1 val 30.0210962239934
:::   str 61693 Louisiana Tech/Central Florida correct 1 val 33.0232058463927
:::   str 61715 Oklahoma/Texas A&M correct 1 val 36.325526431032
:::   str 65002 Vanderbilt/South Carolina correct 1 val 39.9580790741351
:::   str 65553 Nebraska/Texas correct 0 val 43.9538869815487
:::   str 65860 Texas Tech/Baylor correct 1 val 48.3492756797035
:::   str 66440 East Carolina/Tulane correct 1 val 53.1842032476739
:::   str 66568 Iowa State/Colorado correct 0 val 58.5026235724413
:::   str 67357 Pittsburgh/Rutgers correct 1 val 64.3528859296854
:::   str 67756 Southern Mississippi/Cincinnati correct 1 val 70.788174522654
:::   str 67772 Southern California/Stanford correct 0 val 77.8669919749194
:::   str 68168 Mississippi State/Louisiana State correct 1 val 85.6536911724113
:::   str 68294 Kansas State/Oklahoma State correct 1 val 94.2190602896524
:::   str 68564 Miami - Florida/Boston College correct 1 val 103.640966318618
cfpool year 1999 entry 08 score 776.979022567387
::: cfpool 1999 entry 09
::: year 1999 entry 09 team_str Georgia Tech/North Carolina State prob_sort_str 67821 Georgia Tech/North Carolina State winner 1
::: year 1999 entry 09 team_str Brigham Young/Air Force prob_sort_str 62531 Brigham Young/Air Force winner 1
::: year 1999 entry 09 team_str Kent State/Buffalo prob_sort_str 67131 Kent State/Buffalo winner 1
::: year 1999 entry 09 team_str Arkansas/Auburn prob_sort_str 66680 Arkansas/Auburn winner 1
::: year 1999 entry 09 team_str Oklahoma/Colorado prob_sort_str 68195 Oklahoma/Colorado winner 0
::: year 1999 entry 09 team_str Washington/Stanford prob_sort_str 58513 Washington/Stanford winner 1
::: year 1999 entry 09 team_str Southern California/California prob_sort_str 67191 Southern California/California winner 0
::: year 1999 entry 09 team_str Temple/Rutgers prob_sort_str 65488 Temple/Rutgers winner 1
::: year 1999 entry 09 team_str East Carolina/Houston prob_sort_str 58908 East Carolina/Houston winner 1
::: year 1999 entry 09 team_str Syracuse/Boston College prob_sort_str 68294 Syracuse/Boston College winner 0
::: year 1999 entry 09 team_str Rice/Southern Methodist prob_sort_str 68066 Rice/Southern Methodist winner 0
::: year 1999 entry 09 team_str Missouri/Texas Tech prob_sort_str 63371 Missouri/Texas Tech winner 1
::: year 1999 entry 09 team_str Florida/Georgia prob_sort_str 67420 Florida/Georgia winner 1
::: year 1999 entry 09 team_str Alabama/Southern Mississippi prob_sort_str 54712 Alabama/Southern Mississippi winner 1
::: year 1999 entry 09 team_str Clemson/Wake Forest prob_sort_str 58217 Clemson/Wake Forest winner 1
::: year 1999 entry 09 team_str Texas A&M/Oklahoma State prob_sort_str 66010 Texas A&M/Oklahoma State winner 1
::: year 1999 entry 09 team_str Utah/Colorado State prob_sort_str 65906 Utah/Colorado State winner 0
::: year 1999 entry 09 team_str Arizona/California - Los Angeles prob_sort_str 54474 Arizona/California - Los Angeles winner 1
::: year 1999 entry 09 team_str Mississippi/Louisiana State prob_sort_str 61706 Mississippi/Louisiana State winner 1
::: year 1999 entry 09 team_str Oregon/Arizona State prob_sort_str 67569 Oregon/Arizona State winner 1
::: year 1999 entry 09 team_str Miami - Florida/West Virginia prob_sort_str 68201 Miami - Florida/West Virginia winner 1
::: score_val 15.6243898083563 tot_raw 64.0024994425817
:::   str 54474 Arizona/California - Los Angeles correct 1 val 15.6243898083563
:::   str 54712 Alabama/Southern Mississippi correct 1 val 17.1868287891919
:::   str 58217 Clemson/Wake Forest correct 1 val 18.9055116681111
:::   str 58513 Washington/Stanford correct 1 val 20.7960628349222
:::   str 58908 East Carolina/Houston correct 1 val 22.8756691184144
:::   str 61706 Mississippi/Louisiana State correct 1 val 25.1632360302558
:::   str 62531 Brigham Young/Air Force correct 1 val 27.6795596332814
:::   str 63371 Missouri/Texas Tech correct 1 val 30.4475155966096
:::   str 65488 Temple/Rutgers correct 1 val 33.4922671562705
:::   str 65906 Utah/Colorado State correct 0 val 36.8414938718976
:::   str 66010 Texas A&M/Oklahoma State correct 1 val 40.5256432590873
:::   str 66680 Arkansas/Auburn correct 1 val 44.5782075849961
:::   str 67131 Kent State/Buffalo correct 1 val 49.0360283434957
:::   str 67191 Southern California/California correct 0 val 53.9396311778453
:::   str 67420 Florida/Georgia correct 1 val 59.3335942956298
:::   str 67569 Oregon/Arizona State correct 1 val 65.2669537251928
:::   str 67821 Georgia Tech/North Carolina State correct 1 val 71.7936490977121
:::   str 68066 Rice/Southern Methodist correct 0 val 78.9730140074833
:::   str 68195 Oklahoma/Colorado correct 0 val 86.8703154082316
:::   str 68201 Miami - Florida/West Virginia correct 1 val 95.5573469490548
:::   str 68294 Syracuse/Boston College correct 0 val 105.11308164396
cfpool year 1999 entry 09 score 638.262463890582
::: cfpool 1999 entry 10
::: year 1999 entry 10 team_str Louisville/Cincinnati prob_sort_str 52474 Louisville/Cincinnati winner 1
::: year 1999 entry 10 team_str Wisconsin/Purdue prob_sort_str 60707 Wisconsin/Purdue winner 1
::: year 1999 entry 10 team_str Washington/Arizona prob_sort_str 54852 Washington/Arizona winner 1
::: year 1999 entry 10 team_str Georgia Tech/Virginia prob_sort_str 62804 Georgia Tech/Virginia winner 0
::: year 1999 entry 10 team_str Wake Forest/North Carolina prob_sort_str 64423 Wake Forest/North Carolina winner 1
::: year 1999 entry 10 team_str Tennessee/Notre Dame prob_sort_str 66232 Tennessee/Notre Dame winner 1
::: year 1999 entry 10 team_str Kansas State/Colorado prob_sort_str 68561 Kansas State/Colorado winner 1
::: year 1999 entry 10 team_str Texas/Oklahoma State prob_sort_str 67454 Texas/Oklahoma State winner 1
::: year 1999 entry 10 team_str Nebraska/Texas A&M prob_sort_str 67966 Nebraska/Texas A&M winner 1
::: year 1999 entry 10 team_str Southern California/Arizona State prob_sort_str 67222 Southern California/Arizona State winner 0
::: year 1999 entry 10 team_str Illinois/Iowa prob_sort_str 66555 Illinois/Iowa winner 1
::: year 1999 entry 10 team_str Houston/Tulane prob_sort_str 66718 Houston/Tulane winner 1
::: year 1999 entry 10 team_str Miami - Florida/Pittsburgh prob_sort_str 65727 Miami - Florida/Pittsburgh winner 1
::: year 1999 entry 10 team_str Arkansas/Mississippi prob_sort_str 62620 Arkansas/Mississippi winner 0
::: year 1999 entry 10 team_str Alabama/Louisiana State prob_sort_str 68424 Alabama/Louisiana State winner 1
::: year 1999 entry 10 team_str Utah/Wyoming prob_sort_str 67998 Utah/Wyoming winner 0
::: year 1999 entry 10 team_str Air Force/Army prob_sort_str 67348 Air Force/Army winner 1
::: year 1999 entry 10 team_str Oklahoma/Missouri prob_sort_str 67913 Oklahoma/Missouri winner 1
::: year 1999 entry 10 team_str Michigan State/Ohio State prob_sort_str 65002 Michigan State/Ohio State winner 1
::: year 1999 entry 10 team_str Penn State/Minnesota prob_sort_str 64734 Penn State/Minnesota winner 0
::: year 1999 entry 10 team_str Iowa State/Texas Tech prob_sort_str 63942 Iowa State/Texas Tech winner 0
::: year 1999 entry 10 team_str Clemson/Duke prob_sort_str 67884 Clemson/Duke winner 1
::: year 1999 entry 10 team_str Maryland/North Carolina State prob_sort_str 59380 Maryland/North Carolina State winner 0
::: score_val 12.5718126571046 tot_raw 79.5430243255238
:::   str 52474 Louisville/Cincinnati correct 1 val 12.5718126571046
:::   str 54852 Washington/Arizona correct 1 val 13.8289939228151
:::   str 59380 Maryland/North Carolina State correct 0 val 15.2118933150966
:::   str 60707 Wisconsin/Purdue correct 1 val 16.7330826466062
:::   str 62620 Arkansas/Mississippi correct 0 val 18.4063909112669
:::   str 62804 Georgia Tech/Virginia correct 0 val 20.2470300023935
:::   str 63942 Iowa State/Texas Tech correct 0 val 22.2717330026329
:::   str 64423 Wake Forest/North Carolina correct 1 val 24.4989063028962
:::   str 64734 Penn State/Minnesota correct 0 val 26.9487969331858
:::   str 65002 Michigan State/Ohio State correct 1 val 29.6436766265044
:::   str 65727 Miami - Florida/Pittsburgh correct 1 val 32.6080442891548
:::   str 66232 Tennessee/Notre Dame correct 1 val 35.8688487180703
:::   str 66555 Illinois/Iowa correct 1 val 39.4557335898773
:::   str 66718 Houston/Tulane correct 1 val 43.4013069488651
:::   str 67222 Southern California/Arizona State correct 0 val 47.7414376437516
:::   str 67348 Air Force/Army correct 1 val 52.5155814081268
:::   str 67454 Texas/Oklahoma State correct 1 val 57.7671395489394
:::   str 67884 Clemson/Duke correct 1 val 63.5438535038334
:::   str 67913 Oklahoma/Missouri correct 1 val 69.8982388542167
:::   str 67966 Nebraska/Texas A&M correct 1 val 76.8880627396384
:::   str 67998 Utah/Wyoming correct 0 val 84.5768690136023
:::   str 68424 Alabama/Louisiana State correct 1 val 93.0345559149625
:::   str 68561 Kansas State/Colorado correct 1 val 102.338011506459
cfpool year 1999 entry 10 score 764.59584917807
::: cfpool 1999 entry 11
::: year 1999 entry 11 team_str Arizona State/Stanford prob_sort_str 53848 Arizona State/Stanford winner 0
::: year 1999 entry 11 team_str Oklahoma State/Kansas prob_sort_str 64355 Oklahoma State/Kansas winner 1
::: year 1999 entry 11 team_str West Virginia/Boston College prob_sort_str 60045 West Virginia/Boston College winner 0
::: year 1999 entry 11 team_str Oklahoma/Iowa State prob_sort_str 67312 Oklahoma/Iowa State winner 1
::: year 1999 entry 11 team_str Tennessee/Arkansas prob_sort_str 64111 Tennessee/Arkansas winner 0
::: year 1999 entry 11 team_str Houston/Louisiana State prob_sort_str 55086 Houston/Louisiana State winner 1
::: year 1999 entry 11 team_str Texas/Texas Tech prob_sort_str 68484 Texas/Texas Tech winner 1
::: year 1999 entry 11 team_str Texas A&M/Missouri prob_sort_str 61083 Texas A&M/Missouri winner 1
::: year 1999 entry 11 team_str Penn State/Michigan prob_sort_str 62608 Penn State/Michigan winner 0
::: year 1999 entry 11 team_str Washington/California - Los Angeles prob_sort_str 65918 Washington/California - Los Angeles winner 0
::: year 1999 entry 11 team_str Alabama/Mississippi State prob_sort_str 64808 Alabama/Mississippi State winner 1
::: year 1999 entry 11 team_str Ohio State/Illinois prob_sort_str 64927 Ohio State/Illinois winner 0
::: year 1999 entry 11 team_str Alabama - Birmingham/Louisiana Tech prob_sort_str 62527 Alabama - Birmingham/Louisiana Tech winner 0
::: year 1999 entry 11 team_str Wake Forest/Duke prob_sort_str 65419 Wake Forest/Duke winner 0
::: year 1999 entry 11 team_str Georgia Tech/Clemson prob_sort_str 57158 Georgia Tech/Clemson winner 1
::: year 1999 entry 11 team_str Georgia/Auburn prob_sort_str 61063 Georgia/Auburn winner 0
::: year 1999 entry 11 team_str Navy/Tulane prob_sort_str 61382 Navy/Tulane winner 1
::: year 1999 entry 11 team_str Nebraska/Kansas State prob_sort_str 61996 Nebraska/Kansas State winner 1
::: year 1999 entry 11 team_str Virginia Tech/Miami - Florida prob_sort_str 67079 Virginia Tech/Miami - Florida winner 1
::: score_val 19.5468682346558 tot_raw 51.1590904484146
:::   str 53848 Arizona State/Stanford correct 0 val 19.5468682346558
:::   str 55086 Houston/Louisiana State correct 1 val 21.5015550581214
:::   str 57158 Georgia Tech/Clemson correct 1 val 23.6517105639336
:::   str 60045 West Virginia/Boston College correct 0 val 26.0168816203269
:::   str 61063 Georgia/Auburn correct 0 val 28.6185697823596
:::   str 61083 Texas A&M/Missouri correct 1 val 31.4804267605956
:::   str 61382 Navy/Tulane correct 1 val 34.6284694366551
:::   str 61996 Nebraska/Kansas State correct 1 val 38.0913163803207
:::   str 62527 Alabama - Birmingham/Louisiana Tech correct 0 val 41.9004480183527
:::   str 62608 Penn State/Michigan correct 0 val 46.090492820188
:::   str 64111 Tennessee/Arkansas correct 0 val 50.6995421022068
:::   str 64355 Oklahoma State/Kansas correct 1 val 55.7694963124275
:::   str 64808 Alabama/Mississippi State correct 1 val 61.3464459436702
:::   str 64927 Ohio State/Illinois correct 0 val 67.4810905380373
:::   str 65419 Wake Forest/Duke correct 0 val 74.229199591841
:::   str 65918 Washington/California - Los Angeles correct 0 val 81.6521195510251
:::   str 67079 Virginia Tech/Miami - Florida correct 1 val 89.8173315061276
:::   str 67312 Oklahoma/Iowa State correct 1 val 98.7990646567404
:::   str 68484 Texas/Texas Tech correct 1 val 108.678971122414
cfpool year 1999 entry 11 score 563.764787741007
::: cfpool 1999 entry 12
::: year 1999 entry 12 team_str Stanford/California prob_sort_str 65725 Stanford/California winner 1
::: year 1999 entry 12 team_str Texas/Texas A&M prob_sort_str 62042 Texas/Texas A&M winner 0
::: year 1999 entry 12 team_str Michigan State/Penn State prob_sort_str 52679 Michigan State/Penn State winner 1
::: year 1999 entry 12 team_str Michigan/Ohio State prob_sort_str 67093 Michigan/Ohio State winner 1
::: year 1999 entry 12 team_str Mississippi/Georgia prob_sort_str 65408 Mississippi/Georgia winner 0
::: year 1999 entry 12 team_str Iowa State/Kansas prob_sort_str 59403 Iowa State/Kansas winner 0
::: year 1999 entry 12 team_str Nebraska/Colorado prob_sort_str 68142 Nebraska/Colorado winner 1
::: year 1999 entry 12 team_str Nebraska/Texas prob_sort_str 64274 Nebraska/Texas winner 1
::: year 1999 entry 12 team_str Navy/Army prob_sort_str 63107 Navy/Army winner 1
::: year 1999 entry 12 team_str Florida State/Florida prob_sort_str 66477 Florida State/Florida winner 1
::: year 1999 entry 12 team_str Arkansas/Mississippi State prob_sort_str 64643 Arkansas/Mississippi State winner 1
::: year 1999 entry 12 team_str Southern California/California - Los Angeles prob_sort_str 66783 Southern California/California - Los Angeles winner 1
::: year 1999 entry 12 team_str Virginia Tech/Boston College prob_sort_str 68820 Virginia Tech/Boston College winner 1
::: year 1999 entry 12 team_str Marshall/Western Michigan prob_sort_str 68528 Marshall/Western Michigan winner 1
::: year 1999 entry 12 team_str Alabama/Auburn prob_sort_str 64136 Alabama/Auburn winner 1
::: year 1999 entry 12 team_str Miami - Florida/Syracuse prob_sort_str 67175 Miami - Florida/Syracuse winner 1
::: year 1999 entry 12 team_str Notre Dame/Boston College prob_sort_str 67361 Notre Dame/Boston College winner 0
::: year 1999 entry 12 team_str East Carolina/North Carolina State prob_sort_str 63668 East Carolina/North Carolina State winner 1
::: year 1999 entry 12 team_str Florida/Alabama prob_sort_str 58791 Florida/Alabama winner 0
::: year 1999 entry 12 team_str Oklahoma/Texas Tech prob_sort_str 68417 Oklahoma/Texas Tech winner 0
::: score_val 17.4596247725458 tot_raw 57.2749994932561
:::   str 52679 Michigan State/Penn State correct 1 val 17.4596247725458
:::   str 58791 Florida/Alabama correct 0 val 19.2055872498003
:::   str 59403 Iowa State/Kansas correct 0 val 21.1261459747804
:::   str 62042 Texas/Texas A&M correct 0 val 23.2387605722584
:::   str 63107 Navy/Army correct 1 val 25.5626366294843
:::   str 63668 East Carolina/North Carolina State correct 1 val 28.1189002924327
:::   str 64136 Alabama/Auburn correct 1 val 30.930790321676
:::   str 64274 Nebraska/Texas correct 1 val 34.0238693538436
:::   str 64643 Arkansas/Mississippi State correct 1 val 37.4262562892279
:::   str 65408 Mississippi/Georgia correct 0 val 41.1688819181507
:::   str 65725 Stanford/California correct 1 val 45.2857701099658
:::   str 66477 Florida State/Florida correct 1 val 49.8143471209624
:::   str 66783 Southern California/California - Los Angeles correct 1 val 54.7957818330586
:::   str 67093 Michigan/Ohio State correct 1 val 60.2753600163645
:::   str 67175 Miami - Florida/Syracuse correct 1 val 66.302896018001
:::   str 67361 Notre Dame/Boston College correct 0 val 72.9331856198011
:::   str 68142 Nebraska/Colorado correct 1 val 80.2265041817812
:::   str 68417 Oklahoma/Texas Tech correct 0 val 88.2491545999593
:::   str 68528 Marshall/Western Michigan correct 1 val 97.0740700599552
:::   str 68820 Virginia Tech/Boston College correct 1 val 106.781477065951
cfpool year 1999 entry 12 score 734.07828406525
::: cfpool 1999 entry 13
::: year 1999 entry 13 team_str Clemson/Mississippi State prob_sort_str 64223 Clemson/Mississippi State winner 0
::: year 1999 entry 13 team_str East Carolina/Texas Christian prob_sort_str 66822 East Carolina/Texas Christian winner 0
::: year 1999 entry 13 team_str Colorado/Boston College prob_sort_str 60469 Colorado/Boston College winner 1
::: year 1999 entry 13 team_str Texas/Arkansas prob_sort_str 64482 Texas/Arkansas winner 0
::: year 1999 entry 13 team_str Virginia Tech/Florida State prob_sort_str 57890 Virginia Tech/Florida State winner 0
::: year 1999 entry 13 team_str Utah/Fresno State prob_sort_str 65580 Utah/Fresno State winner 1
::: year 1999 entry 13 team_str Alabama/Michigan prob_sort_str 50569 Alabama/Michigan winner 0
::: year 1999 entry 13 team_str Penn State/Texas A&M prob_sort_str 65337 Penn State/Texas A&M winner 1
::: year 1999 entry 13 team_str Oklahoma/Mississippi prob_sort_str 64570 Oklahoma/Mississippi winner 0
::: year 1999 entry 13 team_str Syracuse/Kentucky prob_sort_str 58390 Syracuse/Kentucky winner 1
::: year 1999 entry 13 team_str Miami - Florida/Georgia Tech prob_sort_str 64749 Miami - Florida/Georgia Tech winner 1
::: year 1999 entry 13 team_str Kansas State/Washington prob_sort_str 68218 Kansas State/Washington winner 1
::: year 1999 entry 13 team_str Purdue/Georgia prob_sort_str 64675 Purdue/Georgia winner 0
::: year 1999 entry 13 team_str Wake Forest/Arizona State prob_sort_str 64999 Wake Forest/Arizona State winner 1
::: year 1999 entry 13 team_str Marshall/Brigham Young prob_sort_str 64627 Marshall/Brigham Young winner 1
::: year 1999 entry 13 team_str Oregon State/Hawaii prob_sort_str 67498 Oregon State/Hawaii winner 0
::: year 1999 entry 13 team_str Illinois/Virginia prob_sort_str 52107 Illinois/Virginia winner 1
::: year 1999 entry 13 team_str Minnesota/Oregon prob_sort_str 64759 Minnesota/Oregon winner 0
::: year 1999 entry 13 team_str Nebraska/Tennessee prob_sort_str 58790 Nebraska/Tennessee winner 1
::: year 1999 entry 13 team_str Southern Mississippi/Colorado State prob_sort_str 64552 Southern Mississippi/Colorado State winner 1
::: year 1999 entry 13 team_str Wisconsin/Stanford prob_sort_str 67987 Wisconsin/Stanford winner 1
::: year 1999 entry 13 team_str Michigan State/Florida prob_sort_str 52082 Michigan State/Florida winner 1
::: year 1999 entry 13 team_str Louisville/Boise State prob_sort_str 65938 Louisville/Boise State winner 0
::: score_val 12.5718126571046 tot_raw 79.5430243255238
:::   str 50569 Alabama/Michigan correct 0 val 12.5718126571046
:::   str 52082 Michigan State/Florida correct 1 val 13.8289939228151
:::   str 52107 Illinois/Virginia correct 1 val 15.2118933150966
:::   str 57890 Virginia Tech/Florida State correct 0 val 16.7330826466062
:::   str 58390 Syracuse/Kentucky correct 1 val 18.4063909112669
:::   str 58790 Nebraska/Tennessee correct 1 val 20.2470300023935
:::   str 60469 Colorado/Boston College correct 1 val 22.2717330026329
:::   str 64223 Clemson/Mississippi State correct 0 val 24.4989063028962
:::   str 64482 Texas/Arkansas correct 0 val 26.9487969331858
:::   str 64552 Southern Mississippi/Colorado State correct 1 val 29.6436766265044
:::   str 64570 Oklahoma/Mississippi correct 0 val 32.6080442891548
:::   str 64627 Marshall/Brigham Young correct 1 val 35.8688487180703
:::   str 64675 Purdue/Georgia correct 0 val 39.4557335898773
:::   str 64749 Miami - Florida/Georgia Tech correct 1 val 43.4013069488651
:::   str 64759 Minnesota/Oregon correct 0 val 47.7414376437516
:::   str 64999 Wake Forest/Arizona State correct 1 val 52.5155814081268
:::   str 65337 Penn State/Texas A&M correct 1 val 57.7671395489394
:::   str 65580 Utah/Fresno State correct 1 val 63.5438535038334
:::   str 65938 Louisville/Boise State correct 0 val 69.8982388542167
:::   str 66822 East Carolina/Texas Christian correct 0 val 76.8880627396384
:::   str 67498 Oregon State/Hawaii correct 0 val 84.5768690136023
:::   str 67987 Wisconsin/Stanford correct 1 val 93.0345559149625
:::   str 68218 Kansas State/Washington correct 1 val 102.338011506459
cfpool year 1999 entry 13 score 568.079015329966
Average score: 690.809978383036
   Entry 01 aveScore: 693.973464230892
   Entry 02 aveScore: 822.4957701457
   Entry 03 aveScore: 503.207517233375
   Entry 04 aveScore: 760.399060243871
   Entry 05 aveScore: 722.948361192651
   Entry 06 aveScore: 722.603936367953
   Entry 07 aveScore: 632.223162545388
   Entry 08 aveScore: 776.979022567387
   Entry 09 aveScore: 638.262463890582
   Entry 10 aveScore: 764.59584917807
   Entry 11 aveScore: 563.764787741007
   Entry 12 aveScore: 734.07828406525
   Entry 13 aveScore: 568.079015329966
